[ { 'Links das sofs': [ 'http://pesquisa.bvs.br/aps/resource/pt/sof-21437' ] },
  { 'Links das sofs': [ 'http://pesquisa.bvs.br/aps/resource/pt/sof-21437' ] },
  { 'Links das sofs':
     [ 'https://aps.bvs.br/aps/que-orientacoes-nutricionais-podem-ser-dadas-pelo-agente-comunitario-de-saude-a-portadores-de-hipertensao-arterial-sistemica/' ] },
  { 'Links das sofs': [ 'http://pesquisa.bvs.br/aps/related/pt/sof-21437' ] },
  { 'Links das sofs': [ 'http://pesquisa.bvs.br/aps/resource/pt/sof-23846' ] },
  { 'Links das sofs': [ 'http://pesquisa.bvs.br/aps/resource/pt/sof-23846' ] },
  { 'Links das sofs':
     [ 'https://aps.bvs.br/aps/como-organizar-um-grupo-de-culinaria-direcionado-a-portadores-de-hipertensao-e-diabetes/' ] },
  { 'Links das sofs': [ 'http://pesquisa.bvs.br/aps/related/pt/sof-23846' ] },
  { 'Links das sofs': [ 'http://pesquisa.bvs.br/aps/resource/pt/sof-8' ] },
  { 'Links das sofs': [ 'http://pesquisa.bvs.br/aps/resource/pt/sof-8' ] },
  { 'Links das sofs':
     [ 'https://aps.bvs.br/aps/plano-de-reorganizacao-da-atencao-a-hipertensao-arterial-e-ao-diabetes-mellitus/' ] },
  { 'Links das sofs': [ 'http://pesquisa.bvs.br/aps/related/pt/sof-8' ] },
  { 'Links das sofs': [ 'http://pesquisa.bvs.br/aps/resource/pt/sof-41598' ] },
  { 'Links das sofs': [ 'http://pesquisa.bvs.br/aps/resource/pt/sof-41598' ] },
  { 'Links das sofs':
     [ 'https://aps.bvs.br/aps/quais-os-limites-seguros-de-pressao-arterial-para-realizar-procedimentos-odontologicos-de-urgencia-em-pacientes-hipertensos/' ] },
  { 'Links das sofs': [ 'http://pesquisa.bvs.br/aps/related/pt/sof-41598' ] },
  { 'Links das sofs': [ 'http://pesquisa.bvs.br/aps/resource/pt/sof-36326' ] },
  { 'Links das sofs': [ 'http://pesquisa.bvs.br/aps/resource/pt/sof-36326' ] },
  { 'Links das sofs':
     [ 'https://aps.bvs.br/aps/qual-a-recomendacao-nutricional-em-casos-de-hipertensao-gestacional/' ] },
  { 'Links das sofs': [ 'http://pesquisa.bvs.br/aps/related/pt/sof-36326' ] },
  { 'Links das sofs': [ 'http://pesquisa.bvs.br/aps/resource/pt/sof-23690' ] },
  { 'Links das sofs': [ 'http://pesquisa.bvs.br/aps/resource/pt/sof-23690' ] },
  { 'Links das sofs':
     [ 'https://aps.bvs.br/aps/quais-os-riscos-para-um-hipertenso-que-nao-toma-medicacao-de-forma-correta/' ] },
  { 'Links das sofs': [ 'http://pesquisa.bvs.br/aps/related/pt/sof-23690' ] },
  { 'Links das sofs': [ 'http://pesquisa.bvs.br/aps/resource/pt/sof-22014' ] },
  { 'Links das sofs': [ 'http://pesquisa.bvs.br/aps/resource/pt/sof-22014' ] },
  { 'Links das sofs':
     [ 'https://aps.bvs.br/aps/como-deve-ser-o-seguimento-dos-pacientes-hipertensos-pela-equipe-de-saude-da-familia/' ] },
  { 'Links das sofs': [ 'http://pesquisa.bvs.br/aps/related/pt/sof-22014' ] },
  { 'Links das sofs': [ 'http://pesquisa.bvs.br/aps/resource/pt/sof-131' ] },
  { 'Links das sofs': [ 'http://pesquisa.bvs.br/aps/resource/pt/sof-131' ] },
  { 'Links das sofs':
     [ 'https://aps.bvs.br/aps/o-rastreometro-e-um-bom-teste-diagnostico-para-has/' ] },
  { 'Links das sofs': [ 'http://pesquisa.bvs.br/aps/related/pt/sof-131' ] },
  { 'Links das sofs': [ 'http://pesquisa.bvs.br/aps/resource/pt/sof-35591' ] },
  { 'Links das sofs': [ 'http://pesquisa.bvs.br/aps/resource/pt/sof-35591' ] },
  { 'Links das sofs':
     [ 'https://aps.bvs.br/aps/qual-o-nivel-de-pressao-arterial-desejavel-para-um-paciente-hipertenso-com-historico-de-avc-isquemico-2/' ] },
  { 'Links das sofs': [ 'http://pesquisa.bvs.br/aps/related/pt/sof-35591' ] },
  { 'Links das sofs': [ 'http://pesquisa.bvs.br/aps/resource/pt/sof-3121' ] },
  { 'Links das sofs': [ 'http://pesquisa.bvs.br/aps/resource/pt/sof-3121' ] },
  { 'Links das sofs':
     [ 'https://aps.bvs.br/aps/qual-a-melhor-opcao-terapeutica-para-o-tratamento-do-transtorno-de-estresse-pos-traumatico-em-pacientes-idosos-hipertensos/' ] },
  { 'Links das sofs': [ 'http://pesquisa.bvs.br/aps/related/pt/sof-3121' ] },
  { 'Links das sofs': [ 'http://pesquisa.bvs.br/aps/resource/pt/sof-37203' ] },
  { 'Links das sofs': [ 'http://pesquisa.bvs.br/aps/resource/pt/sof-37203' ] },
  { 'Links das sofs':
     [ 'https://aps.bvs.br/aps/qual-anestesico-local-indicado-para-pacientes-gestantes-hipertensos-e-diabeticos/' ] },
  { 'Links das sofs': [ 'http://pesquisa.bvs.br/aps/related/pt/sof-37203' ] },
  { 'Links das sofs': [ 'http://pesquisa.bvs.br/aps/resource/pt/sof-1330' ] },
  { 'Links das sofs': [ 'http://pesquisa.bvs.br/aps/resource/pt/sof-1330' ] },
  { 'Links das sofs':
     [ 'https://aps.bvs.br/aps/o-que-e-pseudo-hipertensao-e-como-devemos-realizar-a-manobra-de-osler/' ] },
  { 'Links das sofs': [ 'http://pesquisa.bvs.br/aps/related/pt/sof-1330' ] },
  { 'Links das sofs': [ 'http://pesquisa.bvs.br/aps/resource/pt/sof-5377' ] },
  { 'Links das sofs': [ 'http://pesquisa.bvs.br/aps/resource/pt/sof-5377' ] },
  { 'Links das sofs':
     [ 'https://aps.bvs.br/aps/gostaria-de-orientacoes-de-como-trabalhar-com-pacientes-hipertensos-e-diabeticos-que-nao-aderem-ao-tratamento-farmacologico-e-a-dieta/' ] },
  { 'Links das sofs': [ 'http://pesquisa.bvs.br/aps/related/pt/sof-5377' ] },
  { 'Links das sofs': [ 'http://pesquisa.bvs.br/aps/resource/pt/sof-2328' ] },
  { 'Links das sofs': [ 'http://pesquisa.bvs.br/aps/resource/pt/sof-2328' ] },
  { 'Links das sofs':
     [ 'https://aps.bvs.br/aps/o-que-e-hipertensao-arterial-pulmonar-quais-suas-causas-quais-seus-sintomas/' ] },
  { 'Links das sofs': [ 'http://pesquisa.bvs.br/aps/related/pt/sof-2328' ] },
  { 'Links das sofs': [ 'http://pesquisa.bvs.br/aps/resource/pt/sof-23918' ] },
  { 'Links das sofs': [ 'http://pesquisa.bvs.br/aps/resource/pt/sof-23918' ] },
  { 'Links das sofs':
     [ 'https://aps.bvs.br/aps/no-tratamento-da-hipertensao-como-realizar-a-escolha-inicial-e-a-progressao-dos-medicamentos-anti-hipertensivos/' ] },
  { 'Links das sofs': [ 'http://pesquisa.bvs.br/aps/related/pt/sof-23918' ] },
  { 'Links das sofs': [ 'http://pesquisa.bvs.br/aps/resource/pt/sof-5184' ] },
  { 'Links das sofs': [ 'http://pesquisa.bvs.br/aps/resource/pt/sof-5184' ] },
  { 'Links das sofs':
     [ 'https://aps.bvs.br/aps/qual-e-o-tratamento-medicamentoso-mais-indicado-para-hipertensao-arterial-sistemica-em-paciente-masculino-meia-idade-negro-obeso/' ] },
  { 'Links das sofs': [ 'http://pesquisa.bvs.br/aps/related/pt/sof-5184' ] },
  { 'Links das sofs': [ 'http://pesquisa.bvs.br/aps/resource/pt/sof-5090' ] },
  { 'Links das sofs': [ 'http://pesquisa.bvs.br/aps/resource/pt/sof-5090' ] },
  { 'Links das sofs':
     [ 'https://aps.bvs.br/aps/quais-temas-da-area-da-odontologia-podem-ser-abordados-em-um-grupo-de-hipertensos/' ] },
  { 'Links das sofs': [ 'http://pesquisa.bvs.br/aps/related/pt/sof-5090' ] },
  { 'Links das sofs': [ 'http://pesquisa.bvs.br/aps/resource/pt/sof-4647' ] },
  { 'Links das sofs': [ 'http://pesquisa.bvs.br/aps/resource/pt/sof-4647' ] },
  { 'Links das sofs':
     [ 'https://aps.bvs.br/aps/qual-o-tratamento-de-primeira-linha-para-hipertensao/' ] },
  { 'Links das sofs': [ 'http://pesquisa.bvs.br/aps/related/pt/sof-4647' ] },
  { 'Links das sofs': [ 'http://pesquisa.bvs.br/aps/resource/pt/sof-572' ] },
  { 'Links das sofs': [ 'http://pesquisa.bvs.br/aps/resource/pt/sof-572' ] },
  { 'Links das sofs':
     [ 'https://aps.bvs.br/aps/como-minimizar-a-perda-de-funcao-renal-em-hipertensos/' ] },
  { 'Links das sofs': [ 'http://pesquisa.bvs.br/aps/related/pt/sof-572' ] },
  { 'Links das sofs': [ 'http://pesquisa.bvs.br/aps/resource/pt/sof-23949' ] },
  { 'Links das sofs': [ 'http://pesquisa.bvs.br/aps/resource/pt/sof-23949' ] },
  { 'Links das sofs':
     [ 'https://aps.bvs.br/aps/qual-o-nivel-de-pressao-arterial-desejavel-para-um-paciente-hipertenso-com-historico-de-avc-isquemico/' ] },
  { 'Links das sofs': [ 'http://pesquisa.bvs.br/aps/related/pt/sof-23949' ] },
  { 'Links das sofs': [ 'http://pesquisa.bvs.br/aps/resource/pt/sof-5037' ] },
  { 'Links das sofs': [ 'http://pesquisa.bvs.br/aps/resource/pt/sof-5037' ] },
  { 'Links das sofs':
     [ 'https://aps.bvs.br/aps/qual-anestesico-injetavel-usado-para-pacientes-hipertensos/' ] },
  { 'Links das sofs': [ 'http://pesquisa.bvs.br/aps/related/pt/sof-5037' ] },
  { 'Links das sofs': [ 'http://pesquisa.bvs.br/aps/resource/pt/sof-21771' ] },
  { 'Links das sofs': [ 'http://pesquisa.bvs.br/aps/resource/pt/sof-21771' ] },
  { 'Links das sofs':
     [ 'https://aps.bvs.br/aps/como-e-feito-o-diagnostico-de-cardiomiopatia-hipertrofica/' ] },
  { 'Links das sofs': [ 'http://pesquisa.bvs.br/aps/related/pt/sof-21771' ] },
  { 'Links das sofs': [ 'http://pesquisa.bvs.br/aps/resource/pt/sof-3115' ] },
  { 'Links das sofs': [ 'http://pesquisa.bvs.br/aps/resource/pt/sof-3115' ] },
  { 'Links das sofs':
     [ 'https://aps.bvs.br/aps/existem-evidencias-para-a-indicacao-do-uso-de-estatinas-em-pacientes-hipertensos-sem-outros-fatores-de-risco/' ] },
  { 'Links das sofs': [ 'http://pesquisa.bvs.br/aps/related/pt/sof-3115' ] },
  { 'Links das sofs': [ 'http://pesquisa.bvs.br/aps/resource/pt/sof-2095' ] },
  { 'Links das sofs': [ 'http://pesquisa.bvs.br/aps/resource/pt/sof-2095' ] },
  { 'Links das sofs':
     [ 'https://aps.bvs.br/aps/a-pratica-de-atividade-fisica-reduz-significativamente-os-niveis-de-pressao-arterial/' ] },
  { 'Links das sofs': [ 'http://pesquisa.bvs.br/aps/related/pt/sof-2095' ] },
  { 'Links das sofs': [ 'http://pesquisa.bvs.br/aps/resource/pt/sof-175' ] },
  { 'Links das sofs': [ 'http://pesquisa.bvs.br/aps/resource/pt/sof-175' ] },
  { 'Links das sofs':
     [ 'https://aps.bvs.br/aps/como-fazer-e-interpretar-a-monitorizacao-residencial-da-pressao-arterial-mrpa/' ] },
  { 'Links das sofs': [ 'http://pesquisa.bvs.br/aps/related/pt/sof-175' ] },
  { 'Links das sofs': [ 'http://pesquisa.bvs.br/aps/resource/pt/sof-1008' ] },
  { 'Links das sofs': [ 'http://pesquisa.bvs.br/aps/resource/pt/sof-1008' ] },
  { 'Links das sofs':
     [ 'https://aps.bvs.br/aps/quais-orientacoes-o-agente-comunitario-de-saude-deve-repassar-aos-pacientes-com-has/' ] },
  { 'Links das sofs': [ 'http://pesquisa.bvs.br/aps/related/pt/sof-1008' ] },
  { 'Links das sofs': [ 'http://pesquisa.bvs.br/aps/resource/pt/sof-139' ] },
  { 'Links das sofs': [ 'http://pesquisa.bvs.br/aps/resource/pt/sof-139' ] },
  { 'Links das sofs':
     [ 'https://aps.bvs.br/aps/posso-usar-bromocriptina-para-supressao-a-lactacao-em-mulheres-apos-aborto/' ] },
  { 'Links das sofs': [ 'http://pesquisa.bvs.br/aps/related/pt/sof-139' ] },
  { 'Links das sofs': [ 'http://pesquisa.bvs.br/aps/resource/pt/sof-41595' ] },
  { 'Links das sofs': [ 'http://pesquisa.bvs.br/aps/resource/pt/sof-41595' ] },
  { 'Links das sofs':
     [ 'https://aps.bvs.br/aps/quais-sao-as-indicacoes-de-encaminhamento-para-cirurgia-bariatrica/' ] },
  { 'Links das sofs': [ 'http://pesquisa.bvs.br/aps/related/pt/sof-41595' ] },
  { 'Links das sofs': [ 'http://pesquisa.bvs.br/aps/resource/pt/sof-40077' ] },
  { 'Links das sofs': [ 'http://pesquisa.bvs.br/aps/resource/pt/sof-40077' ] },
  { 'Links das sofs':
     [ 'https://aps.bvs.br/aps/qual-a-conduta-para-um-paciente-com-esteatose-hepatica-vista-em-ecografia/' ] },
  { 'Links das sofs': [ 'http://pesquisa.bvs.br/aps/related/pt/sof-40077' ] },
  { 'Links das sofs': [ 'http://pesquisa.bvs.br/aps/resource/pt/sof-18602' ] },
  { 'Links das sofs': [ 'http://pesquisa.bvs.br/aps/resource/pt/sof-18602' ] },
  { 'Links das sofs':
     [ 'https://aps.bvs.br/aps/esta-indicado-o-uso-de-aas-na-gestante-hipertensa/' ] },
  { 'Links das sofs': [ 'http://pesquisa.bvs.br/aps/related/pt/sof-18602' ] },
  { 'Links das sofs': [ 'http://pesquisa.bvs.br/aps/resource/pt/sof-5532' ] },
  { 'Links das sofs': [ 'http://pesquisa.bvs.br/aps/resource/pt/sof-5532' ] },
  { 'Links das sofs':
     [ 'https://aps.bvs.br/aps/sobre-o-uso-de-diureticos-tiazidicos-no-tratamento-de-has-qual-e-a-melhor-opcao/' ] },
  { 'Links das sofs': [ 'http://pesquisa.bvs.br/aps/related/pt/sof-5532' ] },
  { 'Links das sofs': [ 'http://pesquisa.bvs.br/aps/resource/pt/sof-4565' ] },
  { 'Links das sofs': [ 'http://pesquisa.bvs.br/aps/resource/pt/sof-4565' ] },
  { 'Links das sofs':
     [ 'https://aps.bvs.br/aps/o-uso-da-sibutramina-para-o-tratamento-da-obesidade-aumenta-o-risco-cardiovascular-em-pacientes-hipertensos/' ] },
  { 'Links das sofs': [ 'http://pesquisa.bvs.br/aps/related/pt/sof-4565' ] },
  { 'Links das sofs': [ 'http://pesquisa.bvs.br/aps/resource/pt/sof-15325' ] },
  { 'Links das sofs': [ 'http://pesquisa.bvs.br/aps/resource/pt/sof-15325' ] },
  { 'Links das sofs':
     [ 'https://aps.bvs.br/aps/o-uso-de-diureticos-tiazidicos-no-tratamento-has-reduzem-os-eventos-cardiovasculares-ha-diferenca-de-eficacia-entre-a-hidroclortiazida-e-clortalidona/' ] },
  { 'Links das sofs': [ 'http://pesquisa.bvs.br/aps/related/pt/sof-15325' ] },
  { 'Links das sofs': [ 'http://pesquisa.bvs.br/aps/resource/pt/sof-42473' ] },
  { 'Links das sofs': [ 'http://pesquisa.bvs.br/aps/resource/pt/sof-42473' ] },
  { 'Links das sofs':
     [ 'https://aps.bvs.br/aps/quais-anti-hipertensivos-podem-ser-utilizados-na-gestacao/' ] },
  { 'Links das sofs': [ 'http://pesquisa.bvs.br/aps/related/pt/sof-42473' ] },
  { 'Links das sofs': [ 'http://pesquisa.bvs.br/aps/resource/pt/sof-41330' ] },
  { 'Links das sofs': [ 'http://pesquisa.bvs.br/aps/resource/pt/sof-41330' ] },
  { 'Links das sofs':
     [ 'https://aps.bvs.br/aps/quais-sao-os-cuidados-pre-operatorios-para-cirurgia-de-catarata/' ] },
  { 'Links das sofs': [ 'http://pesquisa.bvs.br/aps/related/pt/sof-41330' ] },
  { 'Links das sofs': [ 'http://pesquisa.bvs.br/aps/resource/pt/sof-35631' ] },
  { 'Links das sofs': [ 'http://pesquisa.bvs.br/aps/resource/pt/sof-35631' ] },
  { 'Links das sofs':
     [ 'https://aps.bvs.br/aps/qual-o-papel-do-medico-e-da-equipe-de-aps-no-manejo-dos-casos-de-pre-eclampsia/' ] },
  { 'Links das sofs': [ 'http://pesquisa.bvs.br/aps/related/pt/sof-35631' ] },
  { 'Links das sofs': [ 'http://pesquisa.bvs.br/aps/resource/pt/sof-23700' ] },
  { 'Links das sofs': [ 'http://pesquisa.bvs.br/aps/resource/pt/sof-23700' ] },
  { 'Links das sofs':
     [ 'https://aps.bvs.br/aps/quais-os-impactos-dos-exercicios-aerobicos-para-os-portadores-de-diabetes-tipo-2/' ] },
  { 'Links das sofs': [ 'http://pesquisa.bvs.br/aps/related/pt/sof-23700' ] },
  { 'Links das sofs': [ 'http://pesquisa.bvs.br/aps/resource/pt/sof-2245' ] },
  { 'Links das sofs': [ 'http://pesquisa.bvs.br/aps/resource/pt/sof-2245' ] },
  { 'Links das sofs':
     [ 'https://aps.bvs.br/aps/quais-as-orientacoes-de-enfermagem-aos-pacientes-que-possuem-fissuras-nas-plantas-dos-pes/' ] },
  { 'Links das sofs': [ 'http://pesquisa.bvs.br/aps/related/pt/sof-2245' ] },
  { 'Links das sofs': [ 'http://pesquisa.bvs.br/aps/resource/pt/sof-1069' ] },
  { 'Links das sofs': [ 'http://pesquisa.bvs.br/aps/resource/pt/sof-1069' ] },
  { 'Links das sofs':
     [ 'https://aps.bvs.br/aps/o-medico-de-familia-deve-realizar-exame-de-fundo-de-olho-em-seus-pacientes-diabeticos/' ] },
  { 'Links das sofs': [ 'http://pesquisa.bvs.br/aps/related/pt/sof-1069' ] },
  { 'Links das sofs': [ 'http://pesquisa.bvs.br/aps/resource/pt/sof-42228' ] },
  { 'Links das sofs': [ 'http://pesquisa.bvs.br/aps/resource/pt/sof-42228' ] },
  { 'Links das sofs':
     [ 'https://aps.bvs.br/aps/quais-as-contraindicacoes-do-anestesico-lidocaina-com-felipressina-na-odontologia/' ] },
  { 'Links das sofs': [ 'http://pesquisa.bvs.br/aps/related/pt/sof-42228' ] },
  { 'Links das sofs': [ 'http://pesquisa.bvs.br/aps/resource/pt/sof-40437' ] },
  { 'Links das sofs': [ 'http://pesquisa.bvs.br/aps/resource/pt/sof-40437' ] },
  { 'Links das sofs':
     [ 'https://aps.bvs.br/aps/quais-sao-as-indicacoes-de-tratamento-com-oseltamivir-para-sindrome-gripal/' ] },
  { 'Links das sofs': [ 'http://pesquisa.bvs.br/aps/related/pt/sof-40437' ] },
  { 'Links das sofs': [ 'http://pesquisa.bvs.br/aps/resource/pt/sof-6983' ] },
  { 'Links das sofs': [ 'http://pesquisa.bvs.br/aps/resource/pt/sof-6983' ] },
  { 'Links das sofs':
     [ 'https://aps.bvs.br/aps/paciente-com-hipotiroidismo-pode-engravidar/' ] },
  { 'Links das sofs': [ 'http://pesquisa.bvs.br/aps/related/pt/sof-6983' ] },
  { 'Links das sofs': [ 'http://pesquisa.bvs.br/aps/resource/pt/sof-3660' ] },
  { 'Links das sofs': [ 'http://pesquisa.bvs.br/aps/resource/pt/sof-3660' ] },
  { 'Links das sofs':
     [ 'https://aps.bvs.br/aps/a-partir-de-que-idade-e-com-que-frequencia-e-recomendado-rastreamento-de-dislipidemia-para-a-populacao-adulta/' ] },
  { 'Links das sofs': [ 'http://pesquisa.bvs.br/aps/related/pt/sof-3660' ] },
  { 'Links das sofs': [ 'http://pesquisa.bvs.br/aps/resource/pt/sof-3243' ] },
  { 'Links das sofs': [ 'http://pesquisa.bvs.br/aps/resource/pt/sof-3243' ] },
  { 'Links das sofs':
     [ 'https://aps.bvs.br/aps/quais-as-principais-doencas-que-a-crianca-obesa-pode-apresentar-na-adolescencia-e-na-idade-adulta/' ] },
  { 'Links das sofs': [ 'http://pesquisa.bvs.br/aps/related/pt/sof-3243' ] },
  { 'Links das sofs': [ 'http://pesquisa.bvs.br/aps/resource/pt/sof-974' ] },
  { 'Links das sofs': [ 'http://pesquisa.bvs.br/aps/resource/pt/sof-974' ] },
  { 'Links das sofs':
     [ 'https://aps.bvs.br/aps/pacientes-com-hiperuricemia-assintomaticos-devem-receber-tratamento-farmacologico/' ] },
  { 'Links das sofs': [ 'http://pesquisa.bvs.br/aps/related/pt/sof-974' ] },
  { 'Links das sofs': [ 'http://pesquisa.bvs.br/aps/resource/pt/sof-13273' ] },
  { 'Links das sofs': [ 'http://pesquisa.bvs.br/aps/resource/pt/sof-13273' ] },
  { 'Links das sofs':
     [ 'https://aps.bvs.br/aps/quais-as-contra-indicacoes-da-utilizacao-de-anti-concepcional-injetavel-para-adolescentes-com-deficiencia-mental/' ] },
  { 'Links das sofs': [ 'http://pesquisa.bvs.br/aps/related/pt/sof-13273' ] },
  { 'Links das sofs': [ 'http://pesquisa.bvs.br/aps/resource/pt/sof-3794' ] },
  { 'Links das sofs': [ 'http://pesquisa.bvs.br/aps/resource/pt/sof-3794' ] },
  { 'Links das sofs':
     [ 'https://aps.bvs.br/aps/existem-evidencias-cientificas-que-descrevam-tratamentos-odontologicos-especificos-aos-pacientes-diabeticos/' ] },
  { 'Links das sofs': [ 'http://pesquisa.bvs.br/aps/related/pt/sof-3794' ] },
  { 'Links das sofs': [ 'http://pesquisa.bvs.br/aps/resource/pt/sof-2464' ] },
  { 'Links das sofs': [ 'http://pesquisa.bvs.br/aps/resource/pt/sof-2464' ] },
  { 'Links das sofs':
     [ 'https://aps.bvs.br/aps/quais-sao-as-principais-causas-de-bloqueio-de-ramo-em-nosso-meio-e-quais-os-exames-complementares-em-pacientes-assintomaticos-com-esse-achado-ao-ecg/' ] },
  { 'Links das sofs': [ 'http://pesquisa.bvs.br/aps/related/pt/sof-2464' ] },
  { 'Links das sofs': [ 'http://pesquisa.bvs.br/aps/resource/pt/sof-2281' ] },
  { 'Links das sofs': [ 'http://pesquisa.bvs.br/aps/resource/pt/sof-2281' ] },
  { 'Links das sofs':
     [ 'https://aps.bvs.br/aps/qual-a-diferenca-entre-calculo-renal-e-biliar/' ] },
  { 'Links das sofs': [ 'http://pesquisa.bvs.br/aps/related/pt/sof-2281' ] },
  { 'Links das sofs': [ 'http://pesquisa.bvs.br/aps/resource/pt/sof-5095' ] },
  { 'Links das sofs': [ 'http://pesquisa.bvs.br/aps/resource/pt/sof-5095' ] },
  { 'Links das sofs':
     [ 'https://aps.bvs.br/aps/quais-dinamicas-sobre-saude-bucal-podem-ser-realizadas-em-um-grupo-de-hipertensos/' ] },
  { 'Links das sofs': [ 'http://pesquisa.bvs.br/aps/related/pt/sof-5095' ] },
  { 'Links das sofs': [ 'http://pesquisa.bvs.br/aps/resource/pt/sof-41687' ] },
  { 'Links das sofs': [ 'http://pesquisa.bvs.br/aps/resource/pt/sof-41687' ] },
  { 'Links das sofs':
     [ 'https://aps.bvs.br/aps/quais-os-sinais-que-uma-profissional-de-saude-deve-estar-atento-para-reconhecer-riscos-de-eclampsia-em-uma-paciente/' ] },
  { 'Links das sofs': [ 'http://pesquisa.bvs.br/aps/related/pt/sof-41687' ] },
  { 'Links das sofs': [ 'http://pesquisa.bvs.br/aps/resource/pt/sof-5426' ] },
  { 'Links das sofs': [ 'http://pesquisa.bvs.br/aps/resource/pt/sof-5426' ] },
  { 'Links das sofs':
     [ 'https://aps.bvs.br/aps/quais-os-riscos-de-alimentar-um-bebe-com-aleitamento-artificial/' ] },
  { 'Links das sofs': [ 'http://pesquisa.bvs.br/aps/related/pt/sof-5426' ] },
  { 'Links das sofs': [ 'http://pesquisa.bvs.br/aps/resource/pt/sof-13267' ] },
  { 'Links das sofs': [ 'http://pesquisa.bvs.br/aps/resource/pt/sof-13267' ] },
  { 'Links das sofs':
     [ 'https://aps.bvs.br/aps/quando-devo-solicitar-dosagem-de-colesterol-serico/' ] },
  { 'Links das sofs': [ 'http://pesquisa.bvs.br/aps/related/pt/sof-13267' ] },
  { 'Links das sofs': [ 'http://pesquisa.bvs.br/aps/resource/pt/sof-199' ] },
  { 'Links das sofs': [ 'http://pesquisa.bvs.br/aps/resource/pt/sof-199' ] },
  { 'Links das sofs':
     [ 'https://aps.bvs.br/aps/quais-as-atribuicoes-da-equipe-multiprofissional-frente-a-pacientes-obesos/' ] },
  { 'Links das sofs': [ 'http://pesquisa.bvs.br/aps/related/pt/sof-199' ] },
  { 'Links das sofs': [ 'http://pesquisa.bvs.br/aps/resource/pt/sof-589' ] },
  { 'Links das sofs': [ 'http://pesquisa.bvs.br/aps/resource/pt/sof-589' ] },
  { 'Links das sofs':
     [ 'https://aps.bvs.br/aps/quais-orientacoes-devem-ser-dadas-ao-paciente-obeso/' ] },
  { 'Links das sofs': [ 'http://pesquisa.bvs.br/aps/related/pt/sof-589' ] },
  { 'Links das sofs': [ 'http://pesquisa.bvs.br/aps/resource/pt/sof-41758' ] },
  { 'Links das sofs': [ 'http://pesquisa.bvs.br/aps/resource/pt/sof-41758' ] },
  { 'Links das sofs':
     [ 'https://aps.bvs.br/aps/quais-os-principais-cuidados-que-o-dentista-da-atencao-basica-deve-ter-durante-o-atendimento-de-pacientes-com-comprometimento-cardiovascular-2/' ] },
  { 'Links das sofs': [ 'http://pesquisa.bvs.br/aps/related/pt/sof-41758' ] },
  { 'Links das sofs': [ 'http://pesquisa.bvs.br/aps/resource/pt/sof-23941' ] },
  { 'Links das sofs': [ 'http://pesquisa.bvs.br/aps/resource/pt/sof-23941' ] },
  { 'Links das sofs':
     [ 'https://aps.bvs.br/aps/quais-os-riscos-da-gravidez-na-adolescencia-e-em-mulheres-com-mais-de-40-anos/' ] },
  { 'Links das sofs': [ 'http://pesquisa.bvs.br/aps/related/pt/sof-23941' ] },
  { 'Links das sofs': [ 'http://pesquisa.bvs.br/aps/resource/pt/sof-24007' ] },
  { 'Links das sofs': [ 'http://pesquisa.bvs.br/aps/resource/pt/sof-24007' ] },
  { 'Links das sofs':
     [ 'https://aps.bvs.br/aps/como-fazer-o-diagnostico-de-pre-diabetes-e-como-abordar-essa-condicao/' ] },
  { 'Links das sofs': [ 'http://pesquisa.bvs.br/aps/related/pt/sof-24007' ] },
  { 'Links das sofs': [ 'http://pesquisa.bvs.br/aps/resource/pt/sof-23639' ] },
  { 'Links das sofs': [ 'http://pesquisa.bvs.br/aps/resource/pt/sof-23639' ] },
  { 'Links das sofs':
     [ 'https://aps.bvs.br/aps/quais-sao-as-opcoes-de-tratamento-medicamentoso-disponiveis-para-obesidade/' ] },
  { 'Links das sofs': [ 'http://pesquisa.bvs.br/aps/related/pt/sof-23639' ] },
  { 'Links das sofs': [ 'http://pesquisa.bvs.br/aps/resource/pt/sof-23677' ] },
  { 'Links das sofs': [ 'http://pesquisa.bvs.br/aps/resource/pt/sof-23677' ] },
  { 'Links das sofs':
     [ 'https://aps.bvs.br/aps/quais-analgesicos-e-anti-inflamatorios-podem-ser-usados-em-gestantes/' ] },
  { 'Links das sofs': [ 'http://pesquisa.bvs.br/aps/related/pt/sof-23677' ] },
  { 'Links das sofs': [ 'http://pesquisa.bvs.br/aps/resource/pt/sof-23516' ] },
  { 'Links das sofs': [ 'http://pesquisa.bvs.br/aps/resource/pt/sof-23516' ] },
  { 'Links das sofs':
     [ 'https://aps.bvs.br/aps/qual-o-tratamento-nutricional-indicado-para-pessoas-com-insuficiencia-renal-cronica/' ] },
  { 'Links das sofs': [ 'http://pesquisa.bvs.br/aps/related/pt/sof-23516' ] },
  { 'Links das sofs': [ 'http://pesquisa.bvs.br/aps/resource/pt/sof-5518' ] },
  { 'Links das sofs': [ 'http://pesquisa.bvs.br/aps/resource/pt/sof-5518' ] },
  { 'Links das sofs':
     [ 'https://aps.bvs.br/aps/como-deve-ser-a-conduta-frente-uma-gestante-com-infeccao-urinaria-de-repeticao/' ] },
  { 'Links das sofs': [ 'http://pesquisa.bvs.br/aps/related/pt/sof-5518' ] },
  { 'Links das sofs': [ 'http://pesquisa.bvs.br/aps/resource/pt/sof-5284' ] },
  { 'Links das sofs': [ 'http://pesquisa.bvs.br/aps/resource/pt/sof-5284' ] },
  { 'Links das sofs':
     [ 'https://aps.bvs.br/aps/como-prevenir-os-individuos-que-ja-tiveram-tuberculose-de-adquirirem-pneumonia/' ] },
  { 'Links das sofs': [ 'http://pesquisa.bvs.br/aps/related/pt/sof-5284' ] },
  { 'Links das sofs': [ 'http://pesquisa.bvs.br/aps/resource/pt/sof-3384' ] },
  { 'Links das sofs': [ 'http://pesquisa.bvs.br/aps/resource/pt/sof-3384' ] },
  { 'Links das sofs':
     [ 'https://aps.bvs.br/aps/quando-esta-indicado-o-tratamento-do-hipotireoidismo-subclinico/' ] },
  { 'Links das sofs': [ 'http://pesquisa.bvs.br/aps/related/pt/sof-3384' ] },
  { 'Links das sofs': [ 'http://pesquisa.bvs.br/aps/resource/pt/sof-3300' ] },
  { 'Links das sofs': [ 'http://pesquisa.bvs.br/aps/resource/pt/sof-3300' ] },
  { 'Links das sofs':
     [ 'https://aps.bvs.br/aps/existe-algum-manual-com-orientacoes-quanto-a-exposicao-a-agrotoxicos/' ] },
  { 'Links das sofs': [ 'http://pesquisa.bvs.br/aps/related/pt/sof-3300' ] },
  { 'Links das sofs': [ 'http://pesquisa.bvs.br/aps/resource/pt/sof-2488' ] },
  { 'Links das sofs': [ 'http://pesquisa.bvs.br/aps/resource/pt/sof-2488' ] },
  { 'Links das sofs':
     [ 'https://aps.bvs.br/aps/qual-o-diagnostico-diferencial-e-tratamento-dos-sopros-cardiacos-na-infancia/' ] },
  { 'Links das sofs': [ 'http://pesquisa.bvs.br/aps/related/pt/sof-2488' ] },
  { 'Links das sofs': [ 'http://pesquisa.bvs.br/aps/resource/pt/sof-2545' ] },
  { 'Links das sofs': [ 'http://pesquisa.bvs.br/aps/resource/pt/sof-2545' ] },
  { 'Links das sofs':
     [ 'https://aps.bvs.br/aps/para-que-servem-os-antibioticos-e-qual-o-tempo-necessario-para-que-os-seus-efeitos-comecem/' ] },
  { 'Links das sofs': [ 'http://pesquisa.bvs.br/aps/related/pt/sof-2545' ] },
  { 'Links das sofs': [ 'http://pesquisa.bvs.br/aps/resource/pt/sof-639' ] },
  { 'Links das sofs': [ 'http://pesquisa.bvs.br/aps/resource/pt/sof-639' ] },
  { 'Links das sofs':
     [ 'https://aps.bvs.br/aps/o-que-o-agente-comunitario-de-saude-pode-fazer-para-ajudar-pacientes-alcoolistas-a-iniciar-e-manter-tratamento-adequado/' ] },
  { 'Links das sofs': [ 'http://pesquisa.bvs.br/aps/related/pt/sof-639' ] },
  { 'Links das sofs': [ 'http://pesquisa.bvs.br/aps/resource/pt/sof-609' ] },
  { 'Links das sofs': [ 'http://pesquisa.bvs.br/aps/resource/pt/sof-609' ] },
  { 'Links das sofs':
     [ 'https://aps.bvs.br/aps/como-devo-proceder-para-montar-um-grupo-de-gestante/' ] },
  { 'Links das sofs': [ 'http://pesquisa.bvs.br/aps/related/pt/sof-609' ] },
  { 'Links das sofs': [ 'http://pesquisa.bvs.br/aps/resource/pt/sof-526' ] },
  { 'Links das sofs': [ 'http://pesquisa.bvs.br/aps/resource/pt/sof-526' ] },
  { 'Links das sofs':
     [ 'https://aps.bvs.br/aps/qual-a-melhor-forma-de-aconselhamento-para-gestantes-de-alto-risco/' ] },
  { 'Links das sofs': [ 'http://pesquisa.bvs.br/aps/related/pt/sof-526' ] },
  { 'Links das sofs': [ 'http://pesquisa.bvs.br/aps/resource/pt/sof-48' ] },
  { 'Links das sofs': [ 'http://pesquisa.bvs.br/aps/resource/pt/sof-48' ] },
  { 'Links das sofs':
     [ 'https://aps.bvs.br/aps/aconselhamento-de-gestantes-para-reducao-do-consumo-de-sal-reduz-risco-de-pre-eclampsia-e-suas-consequencias/' ] },
  { 'Links das sofs': [ 'http://pesquisa.bvs.br/aps/related/pt/sof-48' ] },
  { 'Links das sofs': [ 'http://pesquisa.bvs.br/aps/resource/pt/sof-23293' ] },
  { 'Links das sofs': [ 'http://pesquisa.bvs.br/aps/resource/pt/sof-23293' ] },
  { 'Links das sofs':
     [ 'https://aps.bvs.br/aps/como-deve-ser-feito-o-manejo-do-uso-de-corticoide-em-casos-de-febre-chikungunya/' ] },
  { 'Links das sofs': [ 'http://pesquisa.bvs.br/aps/related/pt/sof-23293' ] },
  { 'Links das sofs': [ 'http://pesquisa.bvs.br/aps/resource/pt/sof-22020' ] },
  { 'Links das sofs': [ 'http://pesquisa.bvs.br/aps/resource/pt/sof-22020' ] },
  { 'Links das sofs':
     [ 'https://aps.bvs.br/aps/quais-sao-os-novos-insumos-de-contracepcao-disponiveis-atualmente/' ] },
  { 'Links das sofs': [ 'http://pesquisa.bvs.br/aps/related/pt/sof-22020' ] },
  { 'Links das sofs': [ 'http://pesquisa.bvs.br/aps/resource/pt/sof-21553' ] },
  { 'Links das sofs': [ 'http://pesquisa.bvs.br/aps/resource/pt/sof-21553' ] },
  { 'Links das sofs':
     [ 'https://aps.bvs.br/aps/como-acontece-a-cicatrizacao-de-feridas-e-como-orientar-usuarios-e-equipe-sobre-o-roteiro-de-acompanhamento/' ] },
  { 'Links das sofs': [ 'http://pesquisa.bvs.br/aps/related/pt/sof-21553' ] },
  { 'Links das sofs': [ 'http://pesquisa.bvs.br/aps/resource/pt/sof-4352' ] },
  { 'Links das sofs': [ 'http://pesquisa.bvs.br/aps/resource/pt/sof-4352' ] },
  { 'Links das sofs':
     [ 'https://aps.bvs.br/aps/quais-as-indicacoes-para-o-uso-de-estatinas/' ] },
  { 'Links das sofs': [ 'http://pesquisa.bvs.br/aps/related/pt/sof-4352' ] },
  { 'Links das sofs': [ 'http://pesquisa.bvs.br/aps/resource/pt/sof-2283' ] },
  { 'Links das sofs': [ 'http://pesquisa.bvs.br/aps/resource/pt/sof-2283' ] },
  { 'Links das sofs':
     [ 'https://aps.bvs.br/aps/quais-as-principais-consequencias-da-obesidade-infantil-que-orientacoes-o-agente-comunitario-de-saude-pode-dar-para-auxiliar-na-prevencao-e-manejo-da-crianca-obesa/' ] },
  { 'Links das sofs': [ 'http://pesquisa.bvs.br/aps/related/pt/sof-2283' ] },
  { 'Links das sofs': [ 'http://pesquisa.bvs.br/aps/resource/pt/sof-2273' ] },
  { 'Links das sofs': [ 'http://pesquisa.bvs.br/aps/resource/pt/sof-2273' ] },
  { 'Links das sofs':
     [ 'https://aps.bvs.br/aps/como-podemos-organizar-o-processo-de-trabalho-em-uma-unidade-de-saude-da-familia/' ] },
  { 'Links das sofs': [ 'http://pesquisa.bvs.br/aps/related/pt/sof-2273' ] },
  { 'Links das sofs': [ 'http://pesquisa.bvs.br/aps/resource/pt/sof-1167' ] },
  { 'Links das sofs': [ 'http://pesquisa.bvs.br/aps/resource/pt/sof-1167' ] },
  { 'Links das sofs':
     [ 'https://aps.bvs.br/aps/como-podemos-trabalhar-a-prevencao-do-uso-de-drogas-em-jovens/' ] },
  { 'Links das sofs': [ 'http://pesquisa.bvs.br/aps/related/pt/sof-1167' ] },
  { 'Links das sofs': [ 'http://pesquisa.bvs.br/aps/resource/pt/sof-186' ] },
  { 'Links das sofs': [ 'http://pesquisa.bvs.br/aps/resource/pt/sof-186' ] },
  { 'Links das sofs':
     [ 'https://aps.bvs.br/aps/quais-sao-as-rotinas-basicas-de-enfermagem-que-devemos-implementar-em-uma-unidade-de-saude-coletiva/' ] },
  { 'Links das sofs': [ 'http://pesquisa.bvs.br/aps/related/pt/sof-186' ] },
  { 'Links das sofs': [ 'http://pesquisa.bvs.br/aps/resource/pt/sof-130' ] },
  { 'Links das sofs': [ 'http://pesquisa.bvs.br/aps/resource/pt/sof-130' ] },
  { 'Links das sofs':
     [ 'https://aps.bvs.br/aps/qual-conduta-frente-a-um-paciente-com-estenose-carotidea/' ] },
  { 'Links das sofs': [ 'http://pesquisa.bvs.br/aps/related/pt/sof-130' ] },
  { 'Links das sofs': [ 'http://pesquisa.bvs.br/aps/resource/pt/sof-5467' ] },
  { 'Links das sofs': [ 'http://pesquisa.bvs.br/aps/resource/pt/sof-5467' ] },
  { 'Links das sofs':
     [ 'https://aps.bvs.br/aps/ha-evidencias-que-justificam-o-uso-de-antibioticoterapia-profilatica-em-pacientes-com-infeccao-do-trato-urinario-recidivante/' ] },
  { 'Links das sofs': [ 'http://pesquisa.bvs.br/aps/related/pt/sof-5467' ] },
  { 'Links das sofs': [ 'http://pesquisa.bvs.br/aps/resource/pt/sof-2351' ] },
  { 'Links das sofs': [ 'http://pesquisa.bvs.br/aps/resource/pt/sof-2351' ] },
  { 'Links das sofs':
     [ 'https://aps.bvs.br/aps/quais-as-principais-abordagens-de-pacientes-em-tratamento-anti-tabagismo/' ] },
  { 'Links das sofs': [ 'http://pesquisa.bvs.br/aps/related/pt/sof-2351' ] },
  { 'Links das sofs': [ 'http://pesquisa.bvs.br/aps/resource/pt/sof-1232' ] },
  { 'Links das sofs': [ 'http://pesquisa.bvs.br/aps/resource/pt/sof-1232' ] },
  { 'Links das sofs':
     [ 'https://aps.bvs.br/aps/qual-o-melhor-tratamento-para-ulceras-de-membros-inferiores/' ] },
  { 'Links das sofs': [ 'http://pesquisa.bvs.br/aps/related/pt/sof-1232' ] } ]
