[ { 'Links das sofs': [ 'http://pesquisa.bvs.br/aps/resource/pt/sof-5066' ] },
  { 'Links das sofs': [ 'http://pesquisa.bvs.br/aps/resource/pt/sof-5066' ] },
  { 'Links das sofs':
     [ 'https://aps.bvs.br/aps/quais-os-anestesicos-locais-indicados-para-pacientes-diabeticos/' ] },
  { 'Links das sofs': [ 'http://pesquisa.bvs.br/aps/related/pt/sof-5066' ] },
  { 'Links das sofs': [ 'http://pesquisa.bvs.br/aps/resource/pt/sof-39946' ] },
  { 'Links das sofs': [ 'http://pesquisa.bvs.br/aps/resource/pt/sof-39946' ] },
  { 'Links das sofs':
     [ 'https://aps.bvs.br/aps/deve-se-retirar-a-sulfonilureia-quando-for-iniciada-a-insulina-em-pacientes-com-diabetes-tipo-2-usando-metformina-e-sulfonilureia-em-doses-maximas-e-sem-controle-glicemico-adequado/' ] },
  { 'Links das sofs': [ 'http://pesquisa.bvs.br/aps/related/pt/sof-39946' ] },
  { 'Links das sofs': [ 'http://pesquisa.bvs.br/aps/resource/pt/sof-3436' ] },
  { 'Links das sofs': [ 'http://pesquisa.bvs.br/aps/resource/pt/sof-3436' ] },
  { 'Links das sofs':
     [ 'https://aps.bvs.br/aps/gostaria-de-saber-mais-informacoes-sobre-como-ocorre-o-desenvolvimento-de-diabetes-tipo-1-e-2-no-organismo-humano/' ] },
  { 'Links das sofs': [ 'http://pesquisa.bvs.br/aps/related/pt/sof-3436' ] },
  { 'Links das sofs': [ 'http://pesquisa.bvs.br/aps/resource/pt/sof-6829' ] },
  { 'Links das sofs': [ 'http://pesquisa.bvs.br/aps/resource/pt/sof-6829' ] },
  { 'Links das sofs':
     [ 'https://aps.bvs.br/aps/quais-objetivos-ou-metas-gerais-no-manejo-dos-pacientes-com-diabetes-mellitus-tipo-2-quando-as-metas-podem-ser-menos-rigidas/' ] },
  { 'Links das sofs': [ 'http://pesquisa.bvs.br/aps/related/pt/sof-6829' ] },
  { 'Links das sofs': [ 'http://pesquisa.bvs.br/aps/resource/pt/sof-2243' ] },
  { 'Links das sofs': [ 'http://pesquisa.bvs.br/aps/resource/pt/sof-2243' ] },
  { 'Links das sofs':
     [ 'https://aps.bvs.br/aps/qual-classe-medicamentosa-apresenta-melhores-resultados-para-pacientes-adultos-com-diabetes-mellitus-tipo-2-biguanida-metformina-ou-sulfunilureia/' ] },
  { 'Links das sofs': [ 'http://pesquisa.bvs.br/aps/related/pt/sof-2243' ] },
  { 'Links das sofs': [ 'http://pesquisa.bvs.br/aps/resource/pt/sof-41718' ] },
  { 'Links das sofs': [ 'http://pesquisa.bvs.br/aps/resource/pt/sof-41718' ] },
  { 'Links das sofs':
     [ 'https://aps.bvs.br/aps/o-uso-continuo-de-estatinas-pode-aumentar-o-risco-de-diabetes-tipo-2-dm2-caso-o-paciente-desenvolva-dm2-o-tratamento-deve-ser-interrompido-qual-a-estatina-indicada/' ] },
  { 'Links das sofs': [ 'http://pesquisa.bvs.br/aps/related/pt/sof-41718' ] },
  { 'Links das sofs': [ 'http://pesquisa.bvs.br/aps/resource/pt/sof-6846' ] },
  { 'Links das sofs': [ 'http://pesquisa.bvs.br/aps/resource/pt/sof-6846' ] },
  { 'Links das sofs':
     [ 'https://aps.bvs.br/aps/o-que-fazer-diante-de-um-paciente-com-diabetes-mellitus-com-controle-glicemico-ruim/' ] },
  { 'Links das sofs': [ 'http://pesquisa.bvs.br/aps/related/pt/sof-6846' ] },
  { 'Links das sofs': [ 'http://pesquisa.bvs.br/aps/resource/pt/sof-41507' ] },
  { 'Links das sofs': [ 'http://pesquisa.bvs.br/aps/resource/pt/sof-41507' ] },
  { 'Links das sofs':
     [ 'https://aps.bvs.br/aps/pode-se-utilizar-inibidores-da-enzima-conversora-de-angiotensina-inibidores-da-eca-como-captopril-ou-enalapril-ou-bloqueadores-do-receptor-de-angiotensina-bra-como-losartana-em-pacientes-que-apres/' ] },
  { 'Links das sofs': [ 'http://pesquisa.bvs.br/aps/related/pt/sof-41507' ] },
  { 'Links das sofs': [ 'http://pesquisa.bvs.br/aps/resource/pt/sof-6833' ] },
  { 'Links das sofs': [ 'http://pesquisa.bvs.br/aps/resource/pt/sof-6833' ] },
  { 'Links das sofs':
     [ 'https://aps.bvs.br/aps/por-que-um-paciente-nao-consegue-atingir-as-metas-almejadas-no-tratamento-do-diabetes-mellitus-tipo-2/' ] },
  { 'Links das sofs': [ 'http://pesquisa.bvs.br/aps/related/pt/sof-6833' ] },
  { 'Links das sofs': [ 'http://pesquisa.bvs.br/aps/resource/pt/sof-21992' ] },
  { 'Links das sofs': [ 'http://pesquisa.bvs.br/aps/resource/pt/sof-21992' ] },
  { 'Links das sofs':
     [ 'https://aps.bvs.br/aps/a-escola-pode-fazer-controle-de-glicemia-e-aplicacao-de-insulina-em-crianca-com-diabetes-tipo-i/' ] },
  { 'Links das sofs': [ 'http://pesquisa.bvs.br/aps/related/pt/sof-21992' ] },
  { 'Links das sofs': [ 'http://pesquisa.bvs.br/aps/resource/pt/sof-6890' ] },
  { 'Links das sofs': [ 'http://pesquisa.bvs.br/aps/resource/pt/sof-6890' ] },
  { 'Links das sofs':
     [ 'https://aps.bvs.br/aps/quais-os-cuidados-gerais-para-o-paciente-com-dm2-em-insulinoterapia-como-monitoriza-lo/' ] },
  { 'Links das sofs': [ 'http://pesquisa.bvs.br/aps/related/pt/sof-6890' ] },
  { 'Links das sofs': [ 'http://pesquisa.bvs.br/aps/resource/pt/sof-6886' ] },
  { 'Links das sofs': [ 'http://pesquisa.bvs.br/aps/resource/pt/sof-6886' ] },
  { 'Links das sofs':
     [ 'https://aps.bvs.br/aps/paciente-com-dm2-em-uso-de-insulina-basal-mantendo-controle-glicemico-insatisfatorio-o-que-fazer/' ] },
  { 'Links das sofs': [ 'http://pesquisa.bvs.br/aps/related/pt/sof-6886' ] },
  { 'Links das sofs': [ 'http://pesquisa.bvs.br/aps/resource/pt/sof-6881' ] },
  { 'Links das sofs': [ 'http://pesquisa.bvs.br/aps/resource/pt/sof-6881' ] },
  { 'Links das sofs':
     [ 'https://aps.bvs.br/aps/como-insulinizar-o-paciente-com-dm2-com-quais-doses-devo-comecar/' ] },
  { 'Links das sofs': [ 'http://pesquisa.bvs.br/aps/related/pt/sof-6881' ] },
  { 'Links das sofs': [ 'http://pesquisa.bvs.br/aps/resource/pt/sof-3453' ] },
  { 'Links das sofs': [ 'http://pesquisa.bvs.br/aps/resource/pt/sof-3453' ] },
  { 'Links das sofs':
     [ 'https://aps.bvs.br/aps/qual-o-melhor-regime-de-tratamento-com-insulina-para-criancas-com-diabetes-mellitus-tipo-1-intensivo-ou-convencional/' ] },
  { 'Links das sofs': [ 'http://pesquisa.bvs.br/aps/related/pt/sof-3453' ] },
  { 'Links das sofs': [ 'http://pesquisa.bvs.br/aps/resource/pt/sof-71' ] },
  { 'Links das sofs': [ 'http://pesquisa.bvs.br/aps/resource/pt/sof-71' ] },
  { 'Links das sofs':
     [ 'https://aps.bvs.br/aps/qual-medicacao-usar-em-pacientes-diabeticos-tipo-2-usando-metformina-glimepirida-em-dose-maxima-sem-controle-adequado-da-glicemia-deve-ser-iniciada-a-insulinoterapia/' ] },
  { 'Links das sofs': [ 'http://pesquisa.bvs.br/aps/related/pt/sof-71' ] },
  { 'Links das sofs': [ 'http://pesquisa.bvs.br/aps/resource/pt/sof-22017' ] },
  { 'Links das sofs': [ 'http://pesquisa.bvs.br/aps/resource/pt/sof-22017' ] },
  { 'Links das sofs':
     [ 'https://aps.bvs.br/aps/como-deve-ser-o-seguimento-dos-pacientes-diabeticos-pela-equipe-de-saude-da-familia/' ] },
  { 'Links das sofs': [ 'http://pesquisa.bvs.br/aps/related/pt/sof-22017' ] },
  { 'Links das sofs': [ 'http://pesquisa.bvs.br/aps/resource/pt/sof-2505' ] },
  { 'Links das sofs': [ 'http://pesquisa.bvs.br/aps/resource/pt/sof-2505' ] },
  { 'Links das sofs':
     [ 'https://aps.bvs.br/aps/quando-o-paciente-com-diabetes-mellitus-tipo-2-deve-ser-encaminhado-ao-oftalmologista-e-qual-deve-ser-a-frequencia-com-que-deve-ser-reavaliado/' ] },
  { 'Links das sofs': [ 'http://pesquisa.bvs.br/aps/related/pt/sof-2505' ] },
  { 'Links das sofs': [ 'http://pesquisa.bvs.br/aps/resource/pt/sof-2755' ] },
  { 'Links das sofs': [ 'http://pesquisa.bvs.br/aps/resource/pt/sof-2755' ] },
  { 'Links das sofs':
     [ 'https://aps.bvs.br/aps/quando-iniciar-insulina-para-um-paciente-com-diabetes-tipo-2/' ] },
  { 'Links das sofs': [ 'http://pesquisa.bvs.br/aps/related/pt/sof-2755' ] },
  { 'Links das sofs': [ 'http://pesquisa.bvs.br/aps/resource/pt/sof-40442' ] },
  { 'Links das sofs': [ 'http://pesquisa.bvs.br/aps/resource/pt/sof-40442' ] },
  { 'Links das sofs':
     [ 'https://aps.bvs.br/aps/quando-e-necessario-rastrear-retinopatia-em-paciente-diabetico/' ] },
  { 'Links das sofs': [ 'http://pesquisa.bvs.br/aps/related/pt/sof-40442' ] },
  { 'Links das sofs': [ 'http://pesquisa.bvs.br/aps/resource/pt/sof-637' ] },
  { 'Links das sofs': [ 'http://pesquisa.bvs.br/aps/resource/pt/sof-637' ] },
  { 'Links das sofs':
     [ 'https://aps.bvs.br/aps/pacientes-diabeticos-em-uso-de-insulina-podem-recebe-la-em-apenas-uma-aplicacao-diaria-pode-se-usar-hipoglicemiantes-orais-em-associacao-a-insulina-para-os-pacientes-com-dm-tipo2/' ] },
  { 'Links das sofs': [ 'http://pesquisa.bvs.br/aps/related/pt/sof-637' ] },
  { 'Links das sofs': [ 'http://pesquisa.bvs.br/aps/resource/pt/sof-3297' ] },
  { 'Links das sofs': [ 'http://pesquisa.bvs.br/aps/resource/pt/sof-3297' ] },
  { 'Links das sofs':
     [ 'https://aps.bvs.br/aps/qual-a-importancia-do-exercicio-fisico-para-os-diabeticos/' ] },
  { 'Links das sofs': [ 'http://pesquisa.bvs.br/aps/related/pt/sof-3297' ] },
  { 'Links das sofs': [ 'http://pesquisa.bvs.br/aps/resource/pt/sof-1069' ] },
  { 'Links das sofs': [ 'http://pesquisa.bvs.br/aps/resource/pt/sof-1069' ] },
  { 'Links das sofs':
     [ 'https://aps.bvs.br/aps/o-medico-de-familia-deve-realizar-exame-de-fundo-de-olho-em-seus-pacientes-diabeticos/' ] },
  { 'Links das sofs': [ 'http://pesquisa.bvs.br/aps/related/pt/sof-1069' ] },
  { 'Links das sofs': [ 'http://pesquisa.bvs.br/aps/resource/pt/sof-6859' ] },
  { 'Links das sofs': [ 'http://pesquisa.bvs.br/aps/resource/pt/sof-6859' ] },
  { 'Links das sofs':
     [ 'https://aps.bvs.br/aps/quando-insulinizar-o-paciente-com-diabetes-mellitus-tipo-2/' ] },
  { 'Links das sofs': [ 'http://pesquisa.bvs.br/aps/related/pt/sof-6859' ] },
  { 'Links das sofs': [ 'http://pesquisa.bvs.br/aps/resource/pt/sof-21582' ] },
  { 'Links das sofs': [ 'http://pesquisa.bvs.br/aps/resource/pt/sof-21582' ] },
  { 'Links das sofs':
     [ 'https://aps.bvs.br/aps/porque-os-diabeticos-sao-mais-vulneraveis-a-amputacao-de-dedos-pes-ou-pernas/' ] },
  { 'Links das sofs': [ 'http://pesquisa.bvs.br/aps/related/pt/sof-21582' ] },
  { 'Links das sofs': [ 'http://pesquisa.bvs.br/aps/resource/pt/sof-6875' ] },
  { 'Links das sofs': [ 'http://pesquisa.bvs.br/aps/resource/pt/sof-6875' ] },
  { 'Links das sofs':
     [ 'https://aps.bvs.br/aps/quais-opcoes-tenho-para-insulinizacao-do-paciente-com-diabetes-mellitus-tipo-2/' ] },
  { 'Links das sofs': [ 'http://pesquisa.bvs.br/aps/related/pt/sof-6875' ] },
  { 'Links das sofs': [ 'http://pesquisa.bvs.br/aps/resource/pt/sof-3428' ] },
  { 'Links das sofs': [ 'http://pesquisa.bvs.br/aps/resource/pt/sof-3428' ] },
  { 'Links das sofs':
     [ 'https://aps.bvs.br/aps/pacientes-com-hipoglicemia-terao-mais-facilidade-de-desenvolver-diabetes/' ] },
  { 'Links das sofs': [ 'http://pesquisa.bvs.br/aps/related/pt/sof-3428' ] },
  { 'Links das sofs': [ 'http://pesquisa.bvs.br/aps/resource/pt/sof-40308' ] },
  { 'Links das sofs': [ 'http://pesquisa.bvs.br/aps/resource/pt/sof-40308' ] },
  { 'Links das sofs':
     [ 'https://aps.bvs.br/aps/deve-se-suspender-o-uso-de-metformina-em-pacientes-diabeticas-que-engravidam/' ] },
  { 'Links das sofs': [ 'http://pesquisa.bvs.br/aps/related/pt/sof-40308' ] },
  { 'Links das sofs': [ 'http://pesquisa.bvs.br/aps/resource/pt/sof-3363' ] },
  { 'Links das sofs': [ 'http://pesquisa.bvs.br/aps/resource/pt/sof-3363' ] },
  { 'Links das sofs':
     [ 'https://aps.bvs.br/aps/quais-sao-as-causas-do-diabetes-que-tipos-de-tratamentos-existem-e-como-prevenir/' ] },
  { 'Links das sofs': [ 'http://pesquisa.bvs.br/aps/related/pt/sof-3363' ] },
  { 'Links das sofs': [ 'http://pesquisa.bvs.br/aps/resource/pt/sof-4661' ] },
  { 'Links das sofs': [ 'http://pesquisa.bvs.br/aps/resource/pt/sof-4661' ] },
  { 'Links das sofs':
     [ 'https://aps.bvs.br/aps/farelo-de-aveia-pode-ser-usado-no-paciente-com-diabetes-mellitus-para-a-reducao-do-indice-glicemico/' ] },
  { 'Links das sofs': [ 'http://pesquisa.bvs.br/aps/related/pt/sof-4661' ] },
  { 'Links das sofs': [ 'http://pesquisa.bvs.br/aps/resource/pt/sof-23846' ] },
  { 'Links das sofs': [ 'http://pesquisa.bvs.br/aps/resource/pt/sof-23846' ] },
  { 'Links das sofs':
     [ 'https://aps.bvs.br/aps/como-organizar-um-grupo-de-culinaria-direcionado-a-portadores-de-hipertensao-e-diabetes/' ] },
  { 'Links das sofs': [ 'http://pesquisa.bvs.br/aps/related/pt/sof-23846' ] },
  { 'Links das sofs': [ 'http://pesquisa.bvs.br/aps/resource/pt/sof-24007' ] },
  { 'Links das sofs': [ 'http://pesquisa.bvs.br/aps/resource/pt/sof-24007' ] },
  { 'Links das sofs':
     [ 'https://aps.bvs.br/aps/como-fazer-o-diagnostico-de-pre-diabetes-e-como-abordar-essa-condicao/' ] },
  { 'Links das sofs': [ 'http://pesquisa.bvs.br/aps/related/pt/sof-24007' ] },
  { 'Links das sofs': [ 'http://pesquisa.bvs.br/aps/resource/pt/sof-999' ] },
  { 'Links das sofs': [ 'http://pesquisa.bvs.br/aps/resource/pt/sof-999' ] },
  { 'Links das sofs':
     [ 'https://aps.bvs.br/aps/qual-o-melhor-exame-para-controle-da-glicemia-em-pacientes-diabeticos-hemoglobina-glicosilada-glicemia-de-jejum-ou-hemoglico-teste-hgt/' ] },
  { 'Links das sofs': [ 'http://pesquisa.bvs.br/aps/related/pt/sof-999' ] },
  { 'Links das sofs': [ 'http://pesquisa.bvs.br/aps/resource/pt/sof-23700' ] },
  { 'Links das sofs': [ 'http://pesquisa.bvs.br/aps/resource/pt/sof-23700' ] },
  { 'Links das sofs':
     [ 'https://aps.bvs.br/aps/quais-os-impactos-dos-exercicios-aerobicos-para-os-portadores-de-diabetes-tipo-2/' ] },
  { 'Links das sofs': [ 'http://pesquisa.bvs.br/aps/related/pt/sof-23700' ] },
  { 'Links das sofs': [ 'http://pesquisa.bvs.br/aps/resource/pt/sof-1314' ] },
  { 'Links das sofs': [ 'http://pesquisa.bvs.br/aps/resource/pt/sof-1314' ] },
  { 'Links das sofs':
     [ 'https://aps.bvs.br/aps/quais-informacoes-os-agentes-comunitarios-de-saude-podem-repassar-em-relacao-a-alimentacao-de-pacientes-com-diabetes-mellitus-dm/' ] },
  { 'Links das sofs': [ 'http://pesquisa.bvs.br/aps/related/pt/sof-1314' ] },
  { 'Links das sofs': [ 'http://pesquisa.bvs.br/aps/resource/pt/sof-970' ] },
  { 'Links das sofs': [ 'http://pesquisa.bvs.br/aps/resource/pt/sof-970' ] },
  { 'Links das sofs':
     [ 'https://aps.bvs.br/aps/a-monitorizacao-dos-niveis-glicemicos-em-pacientes-com-diabetes-tipo-2-pode-ser-feito-por-meio-de-glicemia-capilar-periodica-ao-inves-da-hemoglobina-glicosilada/' ] },
  { 'Links das sofs': [ 'http://pesquisa.bvs.br/aps/related/pt/sof-970' ] },
  { 'Links das sofs': [ 'http://pesquisa.bvs.br/aps/resource/pt/sof-37203' ] },
  { 'Links das sofs': [ 'http://pesquisa.bvs.br/aps/resource/pt/sof-37203' ] },
  { 'Links das sofs':
     [ 'https://aps.bvs.br/aps/qual-anestesico-local-indicado-para-pacientes-gestantes-hipertensos-e-diabeticos/' ] },
  { 'Links das sofs': [ 'http://pesquisa.bvs.br/aps/related/pt/sof-37203' ] },
  { 'Links das sofs': [ 'http://pesquisa.bvs.br/aps/resource/pt/sof-3822' ] },
  { 'Links das sofs': [ 'http://pesquisa.bvs.br/aps/resource/pt/sof-3822' ] },
  { 'Links das sofs':
     [ 'https://aps.bvs.br/aps/como-orientar-pacientes-diabeticos-quanto-ao-uso-do-acucar-qual-seria-a-melhor-opcao-acucar-ou-adocante/' ] },
  { 'Links das sofs': [ 'http://pesquisa.bvs.br/aps/related/pt/sof-3822' ] },
  { 'Links das sofs': [ 'http://pesquisa.bvs.br/aps/resource/pt/sof-8' ] },
  { 'Links das sofs': [ 'http://pesquisa.bvs.br/aps/resource/pt/sof-8' ] },
  { 'Links das sofs':
     [ 'https://aps.bvs.br/aps/plano-de-reorganizacao-da-atencao-a-hipertensao-arterial-e-ao-diabetes-mellitus/' ] },
  { 'Links das sofs': [ 'http://pesquisa.bvs.br/aps/related/pt/sof-8' ] },
  { 'Links das sofs': [ 'http://pesquisa.bvs.br/aps/resource/pt/sof-1089' ] },
  { 'Links das sofs': [ 'http://pesquisa.bvs.br/aps/resource/pt/sof-1089' ] },
  { 'Links das sofs':
     [ 'https://aps.bvs.br/aps/a-partir-de-quais-niveis-de-glicemia-de-jejum-em-gestantes-devera-ser-realizado-teste-de-tolerancia-a-glicose/' ] },
  { 'Links das sofs': [ 'http://pesquisa.bvs.br/aps/related/pt/sof-1089' ] },
  { 'Links das sofs': [ 'http://pesquisa.bvs.br/aps/resource/pt/sof-5377' ] },
  { 'Links das sofs': [ 'http://pesquisa.bvs.br/aps/resource/pt/sof-5377' ] },
  { 'Links das sofs':
     [ 'https://aps.bvs.br/aps/gostaria-de-orientacoes-de-como-trabalhar-com-pacientes-hipertensos-e-diabeticos-que-nao-aderem-ao-tratamento-farmacologico-e-a-dieta/' ] },
  { 'Links das sofs': [ 'http://pesquisa.bvs.br/aps/related/pt/sof-5377' ] },
  { 'Links das sofs': [ 'http://pesquisa.bvs.br/aps/resource/pt/sof-3057' ] },
  { 'Links das sofs': [ 'http://pesquisa.bvs.br/aps/resource/pt/sof-3057' ] },
  { 'Links das sofs':
     [ 'https://aps.bvs.br/aps/quais-sao-as-atribuicoes-dos-agentes-comunitarios-de-saude-no-acompanhamento-de-pacientes-diabeticos/' ] },
  { 'Links das sofs': [ 'http://pesquisa.bvs.br/aps/related/pt/sof-3057' ] },
  { 'Links das sofs': [ 'http://pesquisa.bvs.br/aps/resource/pt/sof-18462' ] },
  { 'Links das sofs': [ 'http://pesquisa.bvs.br/aps/resource/pt/sof-18462' ] },
  { 'Links das sofs':
     [ 'https://aps.bvs.br/aps/e-possivel-utilizar-um-hipoglicemiante-oral-em-paciente-cirrotico-com-diabetes-iniciada-apos-a-cirrose-ou-a-insulina-deve-ser-a-primeira-escolha/' ] },
  { 'Links das sofs': [ 'http://pesquisa.bvs.br/aps/related/pt/sof-18462' ] },
  { 'Links das sofs': [ 'http://pesquisa.bvs.br/aps/resource/pt/sof-3421' ] },
  { 'Links das sofs': [ 'http://pesquisa.bvs.br/aps/resource/pt/sof-3421' ] },
  { 'Links das sofs':
     [ 'https://aps.bvs.br/aps/que-informacoes-o-agente-comunitario-de-saude-deve-repassar-aos-pacientes-diabeticos-a-respeito-de-como-fazer-o-uso-correto-das-medicacoes-para-baixar-a-glicose-no-sangue/' ] },
  { 'Links das sofs': [ 'http://pesquisa.bvs.br/aps/related/pt/sof-3421' ] },
  { 'Links das sofs': [ 'http://pesquisa.bvs.br/aps/resource/pt/sof-107' ] },
  { 'Links das sofs': [ 'http://pesquisa.bvs.br/aps/resource/pt/sof-107' ] },
  { 'Links das sofs':
     [ 'https://aps.bvs.br/aps/o-que-se-preconiza-nos-curativos-de-ulceras-arteriais-de-membros-inferiores-em-pacientes-diabeticos/' ] },
  { 'Links das sofs': [ 'http://pesquisa.bvs.br/aps/related/pt/sof-107' ] },
  { 'Links das sofs': [ 'http://pesquisa.bvs.br/aps/resource/pt/sof-3794' ] },
  { 'Links das sofs': [ 'http://pesquisa.bvs.br/aps/resource/pt/sof-3794' ] },
  { 'Links das sofs':
     [ 'https://aps.bvs.br/aps/existem-evidencias-cientificas-que-descrevam-tratamentos-odontologicos-especificos-aos-pacientes-diabeticos/' ] },
  { 'Links das sofs': [ 'http://pesquisa.bvs.br/aps/related/pt/sof-3794' ] },
  { 'Links das sofs': [ 'http://pesquisa.bvs.br/aps/resource/pt/sof-36887' ] },
  { 'Links das sofs': [ 'http://pesquisa.bvs.br/aps/resource/pt/sof-36887' ] },
  { 'Links das sofs':
     [ 'https://aps.bvs.br/aps/como-realizar-a-avaliacao-inicial-de-um-paciente-hipertenso-e-diabetico-com-suspeita-de-doenca-renal-cronica-2/' ] },
  { 'Links das sofs': [ 'http://pesquisa.bvs.br/aps/related/pt/sof-36887' ] },
  { 'Links das sofs': [ 'http://pesquisa.bvs.br/aps/resource/pt/sof-16929' ] },
  { 'Links das sofs': [ 'http://pesquisa.bvs.br/aps/resource/pt/sof-16929' ] },
  { 'Links das sofs':
     [ 'https://aps.bvs.br/aps/qual-a-orientacao-para-a-aplicacao-da-mistura-de-insulina-nph-com-insulina-regular/' ] },
  { 'Links das sofs': [ 'http://pesquisa.bvs.br/aps/related/pt/sof-16929' ] },
  { 'Links das sofs': [ 'http://pesquisa.bvs.br/aps/resource/pt/sof-113' ] },
  { 'Links das sofs': [ 'http://pesquisa.bvs.br/aps/resource/pt/sof-113' ] },
  { 'Links das sofs':
     [ 'https://aps.bvs.br/aps/devo-usar-estatina-em-pacientes-diabeticos-com-niveis-de-colesterol-serico-normal/' ] },
  { 'Links das sofs': [ 'http://pesquisa.bvs.br/aps/related/pt/sof-113' ] },
  { 'Links das sofs': [ 'http://pesquisa.bvs.br/aps/resource/pt/sof-103' ] },
  { 'Links das sofs': [ 'http://pesquisa.bvs.br/aps/resource/pt/sof-103' ] },
  { 'Links das sofs':
     [ 'https://aps.bvs.br/aps/qual-a-conduta-para-pacientes-com-aumento-de-ferritina-serica/' ] },
  { 'Links das sofs': [ 'http://pesquisa.bvs.br/aps/related/pt/sof-103' ] },
  { 'Links das sofs': [ 'http://pesquisa.bvs.br/aps/resource/pt/sof-5500' ] },
  { 'Links das sofs': [ 'http://pesquisa.bvs.br/aps/resource/pt/sof-5500' ] },
  { 'Links das sofs':
     [ 'https://aps.bvs.br/aps/quantas-vezes-podemos-reutilizar-uma-seringa-para-aplicacao-de-insulina/' ] },
  { 'Links das sofs': [ 'http://pesquisa.bvs.br/aps/related/pt/sof-5500' ] },
  { 'Links das sofs': [ 'http://pesquisa.bvs.br/aps/resource/pt/sof-1022' ] },
  { 'Links das sofs': [ 'http://pesquisa.bvs.br/aps/resource/pt/sof-1022' ] },
  { 'Links das sofs':
     [ 'https://aps.bvs.br/aps/como-fazer-o-diagnostico-de-hemocromatose-e-como-trataracompanhar-estes-pacientes/' ] },
  { 'Links das sofs': [ 'http://pesquisa.bvs.br/aps/related/pt/sof-1022' ] },
  { 'Links das sofs': [ 'http://pesquisa.bvs.br/aps/resource/pt/sof-5483' ] },
  { 'Links das sofs': [ 'http://pesquisa.bvs.br/aps/resource/pt/sof-5483' ] },
  { 'Links das sofs':
     [ 'https://aps.bvs.br/aps/quando-iniciamos-a-insulinoterapia-e-melhor-uma-dose-noturna-de-nph-pois-ha-melhora-do-controle-glicemico-por-inibir-a-gliconeogenese-hepatica/' ] },
  { 'Links das sofs': [ 'http://pesquisa.bvs.br/aps/related/pt/sof-5483' ] },
  { 'Links das sofs': [ 'http://pesquisa.bvs.br/aps/resource/pt/sof-3279' ] },
  { 'Links das sofs': [ 'http://pesquisa.bvs.br/aps/resource/pt/sof-3279' ] },
  { 'Links das sofs':
     [ 'https://aps.bvs.br/aps/como-controlar-os-efeitos-adversos-gastrointestinais-da-metformina/' ] },
  { 'Links das sofs': [ 'http://pesquisa.bvs.br/aps/related/pt/sof-3279' ] },
  { 'Links das sofs': [ 'http://pesquisa.bvs.br/aps/resource/pt/sof-4361' ] },
  { 'Links das sofs': [ 'http://pesquisa.bvs.br/aps/resource/pt/sof-4361' ] },
  { 'Links das sofs':
     [ 'https://aps.bvs.br/aps/qual-seria-a-estatina-mais-indicada-e-compativel-com-os-recursos-do-setor-publico-sus-a-ser-empregada-em-pacientes-com-glicemia-aumentada/' ] },
  { 'Links das sofs': [ 'http://pesquisa.bvs.br/aps/related/pt/sof-4361' ] },
  { 'Links das sofs': [ 'http://pesquisa.bvs.br/aps/resource/pt/sof-37158' ] },
  { 'Links das sofs': [ 'http://pesquisa.bvs.br/aps/resource/pt/sof-37158' ] },
  { 'Links das sofs':
     [ 'https://aps.bvs.br/aps/qual-o-metodo-de-ensaio-da-medida-de-hemoglobina-glicada-a1c-mais-confiavel/' ] },
  { 'Links das sofs': [ 'http://pesquisa.bvs.br/aps/related/pt/sof-37158' ] },
  { 'Links das sofs': [ 'http://pesquisa.bvs.br/aps/resource/pt/sof-23406' ] },
  { 'Links das sofs': [ 'http://pesquisa.bvs.br/aps/resource/pt/sof-23406' ] },
  { 'Links das sofs':
     [ 'https://aps.bvs.br/aps/quais-orientacoes-nutricionais-podem-ser-dadas-pelos-agentes-comunitarios-de-saude-aos-pacientes-diabeticos/' ] },
  { 'Links das sofs': [ 'http://pesquisa.bvs.br/aps/related/pt/sof-23406' ] },
  { 'Links das sofs': [ 'http://pesquisa.bvs.br/aps/resource/pt/sof-148' ] },
  { 'Links das sofs': [ 'http://pesquisa.bvs.br/aps/resource/pt/sof-148' ] },
  { 'Links das sofs':
     [ 'https://aps.bvs.br/aps/quais-as-orientacoes-de-enfermagem-para-prevenir-hipoglicemia-em-pacientes-diabeticos/' ] },
  { 'Links das sofs': [ 'http://pesquisa.bvs.br/aps/related/pt/sof-148' ] },
  { 'Links das sofs': [ 'http://pesquisa.bvs.br/aps/resource/pt/sof-41827' ] },
  { 'Links das sofs': [ 'http://pesquisa.bvs.br/aps/resource/pt/sof-41827' ] },
  { 'Links das sofs':
     [ 'https://aps.bvs.br/aps/idoso-com-mais-de-60-anos-teve-hepatite-c-ha-13-anos-e-foi-considerado-curado-pode-receber-a-vacina-contra-febre-amarela/' ] },
  { 'Links das sofs': [ 'http://pesquisa.bvs.br/aps/related/pt/sof-41827' ] },
  { 'Links das sofs': [ 'http://pesquisa.bvs.br/aps/resource/pt/sof-41595' ] },
  { 'Links das sofs': [ 'http://pesquisa.bvs.br/aps/resource/pt/sof-41595' ] },
  { 'Links das sofs':
     [ 'https://aps.bvs.br/aps/quais-sao-as-indicacoes-de-encaminhamento-para-cirurgia-bariatrica/' ] },
  { 'Links das sofs': [ 'http://pesquisa.bvs.br/aps/related/pt/sof-41595' ] },
  { 'Links das sofs': [ 'http://pesquisa.bvs.br/aps/resource/pt/sof-40077' ] },
  { 'Links das sofs': [ 'http://pesquisa.bvs.br/aps/resource/pt/sof-40077' ] },
  { 'Links das sofs':
     [ 'https://aps.bvs.br/aps/qual-a-conduta-para-um-paciente-com-esteatose-hepatica-vista-em-ecografia/' ] },
  { 'Links das sofs': [ 'http://pesquisa.bvs.br/aps/related/pt/sof-40077' ] },
  { 'Links das sofs': [ 'http://pesquisa.bvs.br/aps/resource/pt/sof-36409' ] },
  { 'Links das sofs': [ 'http://pesquisa.bvs.br/aps/resource/pt/sof-36409' ] },
  { 'Links das sofs':
     [ 'https://aps.bvs.br/aps/quais-os-cuidados-e-orientacoes-que-devem-ser-dispensados-aos-pacientes-idosos-e-acamados-com-infeccoes-urinarias-de-repeticao/' ] },
  { 'Links das sofs': [ 'http://pesquisa.bvs.br/aps/related/pt/sof-36409' ] },
  { 'Links das sofs': [ 'http://pesquisa.bvs.br/aps/resource/pt/sof-3043' ] },
  { 'Links das sofs': [ 'http://pesquisa.bvs.br/aps/resource/pt/sof-3043' ] },
  { 'Links das sofs':
     [ 'https://aps.bvs.br/aps/ate-que-idade-podemos-manter-o-anticoncepcional-oral/' ] },
  { 'Links das sofs': [ 'http://pesquisa.bvs.br/aps/related/pt/sof-3043' ] },
  { 'Links das sofs': [ 'http://pesquisa.bvs.br/aps/resource/pt/sof-2184' ] },
  { 'Links das sofs': [ 'http://pesquisa.bvs.br/aps/resource/pt/sof-2184' ] },
  { 'Links das sofs':
     [ 'https://aps.bvs.br/aps/qual-o-significado-clinico-da-presenca-de-cetonuria-em-pacientes-higidos/' ] },
  { 'Links das sofs': [ 'http://pesquisa.bvs.br/aps/related/pt/sof-2184' ] },
  { 'Links das sofs': [ 'http://pesquisa.bvs.br/aps/resource/pt/sof-5426' ] },
  { 'Links das sofs': [ 'http://pesquisa.bvs.br/aps/resource/pt/sof-5426' ] },
  { 'Links das sofs':
     [ 'https://aps.bvs.br/aps/quais-os-riscos-de-alimentar-um-bebe-com-aleitamento-artificial/' ] },
  { 'Links das sofs': [ 'http://pesquisa.bvs.br/aps/related/pt/sof-5426' ] },
  { 'Links das sofs': [ 'http://pesquisa.bvs.br/aps/resource/pt/sof-5291' ] },
  { 'Links das sofs': [ 'http://pesquisa.bvs.br/aps/resource/pt/sof-5291' ] },
  { 'Links das sofs':
     [ 'https://aps.bvs.br/aps/quais-as-possiveis-patologias-associadas-a-presenca-de-plaquetas-aumentadas-como-achado-casual-e-quais-os-proximos-passos-para-confirmar/' ] },
  { 'Links das sofs': [ 'http://pesquisa.bvs.br/aps/related/pt/sof-5291' ] },
  { 'Links das sofs': [ 'http://pesquisa.bvs.br/aps/resource/pt/sof-5221' ] },
  { 'Links das sofs': [ 'http://pesquisa.bvs.br/aps/resource/pt/sof-5221' ] },
  { 'Links das sofs':
     [ 'https://aps.bvs.br/aps/como-o-agente-comunitario-de-saude-pode-orientar-as-pessoas-que-deixam-de-tomar-medicacao-de-uso-continuo-para-ingerir-alcool/' ] },
  { 'Links das sofs': [ 'http://pesquisa.bvs.br/aps/related/pt/sof-5221' ] },
  { 'Links das sofs': [ 'http://pesquisa.bvs.br/aps/resource/pt/sof-3115' ] },
  { 'Links das sofs': [ 'http://pesquisa.bvs.br/aps/resource/pt/sof-3115' ] },
  { 'Links das sofs':
     [ 'https://aps.bvs.br/aps/existem-evidencias-para-a-indicacao-do-uso-de-estatinas-em-pacientes-hipertensos-sem-outros-fatores-de-risco/' ] },
  { 'Links das sofs': [ 'http://pesquisa.bvs.br/aps/related/pt/sof-3115' ] },
  { 'Links das sofs': [ 'http://pesquisa.bvs.br/aps/resource/pt/sof-13267' ] },
  { 'Links das sofs': [ 'http://pesquisa.bvs.br/aps/resource/pt/sof-13267' ] },
  { 'Links das sofs':
     [ 'https://aps.bvs.br/aps/quando-devo-solicitar-dosagem-de-colesterol-serico/' ] },
  { 'Links das sofs': [ 'http://pesquisa.bvs.br/aps/related/pt/sof-13267' ] },
  { 'Links das sofs': [ 'http://pesquisa.bvs.br/aps/resource/pt/sof-5322' ] },
  { 'Links das sofs': [ 'http://pesquisa.bvs.br/aps/resource/pt/sof-5322' ] },
  { 'Links das sofs':
     [ 'https://aps.bvs.br/aps/quais-sao-as-causas-de-hiperinsulinemia/' ] },
  { 'Links das sofs': [ 'http://pesquisa.bvs.br/aps/related/pt/sof-5322' ] },
  { 'Links das sofs': [ 'http://pesquisa.bvs.br/aps/resource/pt/sof-2245' ] },
  { 'Links das sofs': [ 'http://pesquisa.bvs.br/aps/resource/pt/sof-2245' ] },
  { 'Links das sofs':
     [ 'https://aps.bvs.br/aps/quais-as-orientacoes-de-enfermagem-aos-pacientes-que-possuem-fissuras-nas-plantas-dos-pes/' ] },
  { 'Links das sofs': [ 'http://pesquisa.bvs.br/aps/related/pt/sof-2245' ] },
  { 'Links das sofs': [ 'http://pesquisa.bvs.br/aps/resource/pt/sof-199' ] },
  { 'Links das sofs': [ 'http://pesquisa.bvs.br/aps/resource/pt/sof-199' ] },
  { 'Links das sofs':
     [ 'https://aps.bvs.br/aps/quais-as-atribuicoes-da-equipe-multiprofissional-frente-a-pacientes-obesos/' ] },
  { 'Links das sofs': [ 'http://pesquisa.bvs.br/aps/related/pt/sof-199' ] },
  { 'Links das sofs': [ 'http://pesquisa.bvs.br/aps/resource/pt/sof-24015' ] },
  { 'Links das sofs': [ 'http://pesquisa.bvs.br/aps/resource/pt/sof-24015' ] },
  { 'Links das sofs':
     [ 'https://aps.bvs.br/aps/como-avaliar-os-pes-dos-pacientes-diabeticos-e-indispensavel-usar-monofilamento-para-testar-sensibilidade/' ] },
  { 'Links das sofs': [ 'http://pesquisa.bvs.br/aps/related/pt/sof-24015' ] },
  { 'Links das sofs': [ 'http://pesquisa.bvs.br/aps/resource/pt/sof-40437' ] },
  { 'Links das sofs': [ 'http://pesquisa.bvs.br/aps/resource/pt/sof-40437' ] },
  { 'Links das sofs':
     [ 'https://aps.bvs.br/aps/quais-sao-as-indicacoes-de-tratamento-com-oseltamivir-para-sindrome-gripal/' ] },
  { 'Links das sofs': [ 'http://pesquisa.bvs.br/aps/related/pt/sof-40437' ] },
  { 'Links das sofs': [ 'http://pesquisa.bvs.br/aps/resource/pt/sof-23815' ] },
  { 'Links das sofs': [ 'http://pesquisa.bvs.br/aps/resource/pt/sof-23815' ] },
  { 'Links das sofs':
     [ 'https://aps.bvs.br/aps/gestantes-que-apresentam-sintomas-de-dengue-podem-desenvolver-erisipela/' ] },
  { 'Links das sofs': [ 'http://pesquisa.bvs.br/aps/related/pt/sof-23815' ] },
  { 'Links das sofs': [ 'http://pesquisa.bvs.br/aps/resource/pt/sof-4723' ] },
  { 'Links das sofs': [ 'http://pesquisa.bvs.br/aps/resource/pt/sof-4723' ] },
  { 'Links das sofs':
     [ 'https://aps.bvs.br/aps/quais-as-causas-de-sindrome-das-pernas-inquietas/' ] },
  { 'Links das sofs': [ 'http://pesquisa.bvs.br/aps/related/pt/sof-4723' ] },
  { 'Links das sofs': [ 'http://pesquisa.bvs.br/aps/resource/pt/sof-3660' ] },
  { 'Links das sofs': [ 'http://pesquisa.bvs.br/aps/resource/pt/sof-3660' ] },
  { 'Links das sofs':
     [ 'https://aps.bvs.br/aps/a-partir-de-que-idade-e-com-que-frequencia-e-recomendado-rastreamento-de-dislipidemia-para-a-populacao-adulta/' ] },
  { 'Links das sofs': [ 'http://pesquisa.bvs.br/aps/related/pt/sof-3660' ] },
  { 'Links das sofs': [ 'http://pesquisa.bvs.br/aps/resource/pt/sof-3638' ] },
  { 'Links das sofs': [ 'http://pesquisa.bvs.br/aps/resource/pt/sof-3638' ] },
  { 'Links das sofs':
     [ 'https://aps.bvs.br/aps/o-que-e-aneurisma-da-aorta-como-preveni-lo/' ] },
  { 'Links das sofs': [ 'http://pesquisa.bvs.br/aps/related/pt/sof-3638' ] },
  { 'Links das sofs': [ 'http://pesquisa.bvs.br/aps/resource/pt/sof-3243' ] },
  { 'Links das sofs': [ 'http://pesquisa.bvs.br/aps/resource/pt/sof-3243' ] },
  { 'Links das sofs':
     [ 'https://aps.bvs.br/aps/quais-as-principais-doencas-que-a-crianca-obesa-pode-apresentar-na-adolescencia-e-na-idade-adulta/' ] },
  { 'Links das sofs': [ 'http://pesquisa.bvs.br/aps/related/pt/sof-3243' ] },
  { 'Links das sofs': [ 'http://pesquisa.bvs.br/aps/resource/pt/sof-627' ] },
  { 'Links das sofs': [ 'http://pesquisa.bvs.br/aps/resource/pt/sof-627' ] },
  { 'Links das sofs':
     [ 'https://aps.bvs.br/aps/o-consumo-de-linhaca-interfere-no-uso-de-alguma-medicacao/' ] },
  { 'Links das sofs': [ 'http://pesquisa.bvs.br/aps/related/pt/sof-627' ] },
  { 'Links das sofs': [ 'http://pesquisa.bvs.br/aps/resource/pt/sof-589' ] },
  { 'Links das sofs': [ 'http://pesquisa.bvs.br/aps/resource/pt/sof-589' ] },
  { 'Links das sofs':
     [ 'https://aps.bvs.br/aps/quais-orientacoes-devem-ser-dadas-ao-paciente-obeso/' ] },
  { 'Links das sofs': [ 'http://pesquisa.bvs.br/aps/related/pt/sof-589' ] },
  { 'Links das sofs': [ 'http://pesquisa.bvs.br/aps/resource/pt/sof-13273' ] },
  { 'Links das sofs': [ 'http://pesquisa.bvs.br/aps/resource/pt/sof-13273' ] },
  { 'Links das sofs':
     [ 'https://aps.bvs.br/aps/quais-as-contra-indicacoes-da-utilizacao-de-anti-concepcional-injetavel-para-adolescentes-com-deficiencia-mental/' ] },
  { 'Links das sofs': [ 'http://pesquisa.bvs.br/aps/related/pt/sof-13273' ] },
  { 'Links das sofs': [ 'http://pesquisa.bvs.br/aps/resource/pt/sof-5284' ] },
  { 'Links das sofs': [ 'http://pesquisa.bvs.br/aps/resource/pt/sof-5284' ] },
  { 'Links das sofs':
     [ 'https://aps.bvs.br/aps/como-prevenir-os-individuos-que-ja-tiveram-tuberculose-de-adquirirem-pneumonia/' ] },
  { 'Links das sofs': [ 'http://pesquisa.bvs.br/aps/related/pt/sof-5284' ] },
  { 'Links das sofs': [ 'http://pesquisa.bvs.br/aps/resource/pt/sof-5265' ] },
  { 'Links das sofs': [ 'http://pesquisa.bvs.br/aps/resource/pt/sof-5265' ] },
  { 'Links das sofs':
     [ 'https://aps.bvs.br/aps/como-deve-ser-feita-a-abordagem-e-o-tratamento-da-ejaculacao-precoce-em-ambiente-de-atencao-primaria-a-saude/' ] },
  { 'Links das sofs': [ 'http://pesquisa.bvs.br/aps/related/pt/sof-5265' ] },
  { 'Links das sofs': [ 'http://pesquisa.bvs.br/aps/resource/pt/sof-5084' ] },
  { 'Links das sofs': [ 'http://pesquisa.bvs.br/aps/resource/pt/sof-5084' ] },
  { 'Links das sofs':
     [ 'https://aps.bvs.br/aps/qual-relacao-existente-entre-doenca-periodontal-e-doencas-cardiovasculares-qual-a-importancia-do-tratamento-periodontal-em-cardiopatas/' ] },
  { 'Links das sofs': [ 'http://pesquisa.bvs.br/aps/related/pt/sof-5084' ] },
  { 'Links das sofs': [ 'http://pesquisa.bvs.br/aps/resource/pt/sof-4565' ] },
  { 'Links das sofs': [ 'http://pesquisa.bvs.br/aps/resource/pt/sof-4565' ] },
  { 'Links das sofs':
     [ 'https://aps.bvs.br/aps/o-uso-da-sibutramina-para-o-tratamento-da-obesidade-aumenta-o-risco-cardiovascular-em-pacientes-hipertensos/' ] },
  { 'Links das sofs': [ 'http://pesquisa.bvs.br/aps/related/pt/sof-4565' ] },
  { 'Links das sofs': [ 'http://pesquisa.bvs.br/aps/resource/pt/sof-4331' ] },
  { 'Links das sofs': [ 'http://pesquisa.bvs.br/aps/resource/pt/sof-4331' ] },
  { 'Links das sofs':
     [ 'https://aps.bvs.br/aps/qual-conduta-a-ser-adotada-em-pacientes-com-resultado-de-citopatologico-do-colo-uterino-evidenciando-presenca-de-torulupsis-na-microbiologia/' ] },
  { 'Links das sofs': [ 'http://pesquisa.bvs.br/aps/related/pt/sof-4331' ] },
  { 'Links das sofs': [ 'http://pesquisa.bvs.br/aps/resource/pt/sof-2281' ] },
  { 'Links das sofs': [ 'http://pesquisa.bvs.br/aps/resource/pt/sof-2281' ] },
  { 'Links das sofs':
     [ 'https://aps.bvs.br/aps/qual-a-diferenca-entre-calculo-renal-e-biliar/' ] },
  { 'Links das sofs': [ 'http://pesquisa.bvs.br/aps/related/pt/sof-2281' ] },
  { 'Links das sofs': [ 'http://pesquisa.bvs.br/aps/resource/pt/sof-88' ] },
  { 'Links das sofs': [ 'http://pesquisa.bvs.br/aps/resource/pt/sof-88' ] },
  { 'Links das sofs':
     [ 'https://aps.bvs.br/aps/como-verificar-a-etiologia-emocional-para-enurese-noturna-em-criancas/' ] },
  { 'Links das sofs': [ 'http://pesquisa.bvs.br/aps/related/pt/sof-88' ] },
  { 'Links das sofs': [ 'http://pesquisa.bvs.br/aps/resource/pt/sof-36387' ] },
  { 'Links das sofs': [ 'http://pesquisa.bvs.br/aps/resource/pt/sof-36387' ] },
  { 'Links das sofs':
     [ 'https://aps.bvs.br/aps/qual-profissional-de-saude-tem-competencia-para-avaliacao-do-pe-diabetico-com-uso-de-estesiometro/' ] },
  { 'Links das sofs': [ 'http://pesquisa.bvs.br/aps/related/pt/sof-36387' ] },
  { 'Links das sofs': [ 'http://pesquisa.bvs.br/aps/resource/pt/sof-21776' ] },
  { 'Links das sofs': [ 'http://pesquisa.bvs.br/aps/resource/pt/sof-21776' ] },
  { 'Links das sofs':
     [ 'https://aps.bvs.br/aps/porque-a-ocorrencia-de-cancer-esta-aumentando-na-populacao/' ] },
  { 'Links das sofs': [ 'http://pesquisa.bvs.br/aps/related/pt/sof-21776' ] },
  { 'Links das sofs': [ 'http://pesquisa.bvs.br/aps/resource/pt/sof-15362' ] },
  { 'Links das sofs': [ 'http://pesquisa.bvs.br/aps/resource/pt/sof-15362' ] },
  { 'Links das sofs':
     [ 'https://aps.bvs.br/aps/o-tratamento-de-otite-externa-em-gestantes-deve-ser-realizado-na-aps-ou-encaminhado-ao-otorrinolaringologista-e-adequado-o-uso-de-amoxicilina/' ] },
  { 'Links das sofs': [ 'http://pesquisa.bvs.br/aps/related/pt/sof-15362' ] },
  { 'Links das sofs': [ 'http://pesquisa.bvs.br/aps/resource/pt/sof-5249' ] },
  { 'Links das sofs': [ 'http://pesquisa.bvs.br/aps/resource/pt/sof-5249' ] },
  { 'Links das sofs':
     [ 'https://aps.bvs.br/aps/qual-o-tratamento-para-otite-externa-fungica/' ] },
  { 'Links das sofs': [ 'http://pesquisa.bvs.br/aps/related/pt/sof-5249' ] },
  { 'Links das sofs': [ 'http://pesquisa.bvs.br/aps/resource/pt/sof-3732' ] },
  { 'Links das sofs': [ 'http://pesquisa.bvs.br/aps/resource/pt/sof-3732' ] },
  { 'Links das sofs':
     [ 'https://aps.bvs.br/aps/quais-os-cuidados-no-tratamento-odontologico-de-idosos-acima-de-80-anos/' ] },
  { 'Links das sofs': [ 'http://pesquisa.bvs.br/aps/related/pt/sof-3732' ] },
  { 'Links das sofs': [ 'http://pesquisa.bvs.br/aps/resource/pt/sof-2095' ] },
  { 'Links das sofs': [ 'http://pesquisa.bvs.br/aps/resource/pt/sof-2095' ] },
  { 'Links das sofs':
     [ 'https://aps.bvs.br/aps/a-pratica-de-atividade-fisica-reduz-significativamente-os-niveis-de-pressao-arterial/' ] },
  { 'Links das sofs': [ 'http://pesquisa.bvs.br/aps/related/pt/sof-2095' ] },
  { 'Links das sofs': [ 'http://pesquisa.bvs.br/aps/resource/pt/sof-572' ] },
  { 'Links das sofs': [ 'http://pesquisa.bvs.br/aps/resource/pt/sof-572' ] },
  { 'Links das sofs':
     [ 'https://aps.bvs.br/aps/como-minimizar-a-perda-de-funcao-renal-em-hipertensos/' ] },
  { 'Links das sofs': [ 'http://pesquisa.bvs.br/aps/related/pt/sof-572' ] },
  { 'Links das sofs': [ 'http://pesquisa.bvs.br/aps/resource/pt/sof-13900' ] },
  { 'Links das sofs': [ 'http://pesquisa.bvs.br/aps/resource/pt/sof-13900' ] },
  { 'Links das sofs':
     [ 'https://aps.bvs.br/aps/quais-sao-as-recomendacoes-para-uso-de-dissulfiram/' ] },
  { 'Links das sofs': [ 'http://pesquisa.bvs.br/aps/related/pt/sof-13900' ] },
  { 'Links das sofs': [ 'http://pesquisa.bvs.br/aps/resource/pt/sof-41758' ] },
  { 'Links das sofs': [ 'http://pesquisa.bvs.br/aps/resource/pt/sof-41758' ] },
  { 'Links das sofs':
     [ 'https://aps.bvs.br/aps/quais-os-principais-cuidados-que-o-dentista-da-atencao-basica-deve-ter-durante-o-atendimento-de-pacientes-com-comprometimento-cardiovascular-2/' ] },
  { 'Links das sofs': [ 'http://pesquisa.bvs.br/aps/related/pt/sof-41758' ] },
  { 'Links das sofs': [ 'http://pesquisa.bvs.br/aps/resource/pt/sof-35624' ] },
  { 'Links das sofs': [ 'http://pesquisa.bvs.br/aps/resource/pt/sof-35624' ] },
  { 'Links das sofs':
     [ 'https://aps.bvs.br/aps/quais-praticas-corporais-podem-ser-promovidas-na-atencao-basica-atencao-primaria-a-saude-visando-a-prevencao-e-promocao-da-saude-do-idoso/' ] },
  { 'Links das sofs': [ 'http://pesquisa.bvs.br/aps/related/pt/sof-35624' ] },
  { 'Links das sofs': [ 'http://pesquisa.bvs.br/aps/resource/pt/sof-35619' ] },
  { 'Links das sofs': [ 'http://pesquisa.bvs.br/aps/resource/pt/sof-35619' ] },
  { 'Links das sofs':
     [ 'https://aps.bvs.br/aps/existe-beneficio-para-suplementacao-de-vitamina-d-em-criancas-e-adolescentes/' ] },
  { 'Links das sofs': [ 'http://pesquisa.bvs.br/aps/related/pt/sof-35619' ] },
  { 'Links das sofs': [ 'http://pesquisa.bvs.br/aps/resource/pt/sof-23941' ] },
  { 'Links das sofs': [ 'http://pesquisa.bvs.br/aps/resource/pt/sof-23941' ] },
  { 'Links das sofs':
     [ 'https://aps.bvs.br/aps/quais-os-riscos-da-gravidez-na-adolescencia-e-em-mulheres-com-mais-de-40-anos/' ] },
  { 'Links das sofs': [ 'http://pesquisa.bvs.br/aps/related/pt/sof-23941' ] } ]
