[ { 'Links das sofs': [ 'http://pesquisa.bvs.br/aps/resource/pt/sof-23516' ] },
  { 'Links das sofs': [ 'http://pesquisa.bvs.br/aps/resource/pt/sof-23516' ] },
  { 'Links das sofs':
     [ 'https://aps.bvs.br/aps/qual-o-tratamento-nutricional-indicado-para-pessoas-com-insuficiencia-renal-cronica/' ] },
  { 'Links das sofs': [ 'http://pesquisa.bvs.br/aps/related/pt/sof-23516' ] },
  { 'Links das sofs': [ 'http://pesquisa.bvs.br/aps/resource/pt/sof-21567' ] },
  { 'Links das sofs': [ 'http://pesquisa.bvs.br/aps/resource/pt/sof-21567' ] },
  { 'Links das sofs':
     [ 'https://aps.bvs.br/aps/quais-as-principais-recomendacoes-para-atividades-educativas-de-prevencao-e-promocao-da-saude-do-homem-na-comunidade/' ] },
  { 'Links das sofs': [ 'http://pesquisa.bvs.br/aps/related/pt/sof-21567' ] },
  { 'Links das sofs': [ 'http://pesquisa.bvs.br/aps/resource/pt/sof-18602' ] },
  { 'Links das sofs': [ 'http://pesquisa.bvs.br/aps/resource/pt/sof-18602' ] },
  { 'Links das sofs':
     [ 'https://aps.bvs.br/aps/esta-indicado-o-uso-de-aas-na-gestante-hipertensa/' ] },
  { 'Links das sofs': [ 'http://pesquisa.bvs.br/aps/related/pt/sof-18602' ] },
  { 'Links das sofs': [ 'http://pesquisa.bvs.br/aps/resource/pt/sof-5410' ] },
  { 'Links das sofs': [ 'http://pesquisa.bvs.br/aps/resource/pt/sof-5410' ] },
  { 'Links das sofs':
     [ 'https://aps.bvs.br/aps/como-atrair-o-publico-masculino-para-prevencao-do-cancer-de-prostata/' ] },
  { 'Links das sofs': [ 'http://pesquisa.bvs.br/aps/related/pt/sof-5410' ] },
  { 'Links das sofs': [ 'http://pesquisa.bvs.br/aps/resource/pt/sof-5405' ] },
  { 'Links das sofs': [ 'http://pesquisa.bvs.br/aps/resource/pt/sof-5405' ] },
  { 'Links das sofs':
     [ 'https://aps.bvs.br/aps/a-partir-de-que-idade-e-recomendado-o-teste-clinico-pra-prevencao-de-cancer-de-prostata/' ] },
  { 'Links das sofs': [ 'http://pesquisa.bvs.br/aps/related/pt/sof-5405' ] },
  { 'Links das sofs': [ 'http://pesquisa.bvs.br/aps/resource/pt/sof-2501' ] },
  { 'Links das sofs': [ 'http://pesquisa.bvs.br/aps/resource/pt/sof-2501' ] },
  { 'Links das sofs':
     [ 'https://aps.bvs.br/aps/coabitante-de-paciente-com-tuberculose-e-com-teste-tuberculinico-reator-forte-deve-realizar-tratamento/' ] },
  { 'Links das sofs': [ 'http://pesquisa.bvs.br/aps/related/pt/sof-2501' ] },
  { 'Links das sofs': [ 'http://pesquisa.bvs.br/aps/resource/pt/sof-609' ] },
  { 'Links das sofs': [ 'http://pesquisa.bvs.br/aps/resource/pt/sof-609' ] },
  { 'Links das sofs':
     [ 'https://aps.bvs.br/aps/como-devo-proceder-para-montar-um-grupo-de-gestante/' ] },
  { 'Links das sofs': [ 'http://pesquisa.bvs.br/aps/related/pt/sof-609' ] },
  { 'Links das sofs': [ 'http://pesquisa.bvs.br/aps/resource/pt/sof-526' ] },
  { 'Links das sofs': [ 'http://pesquisa.bvs.br/aps/resource/pt/sof-526' ] },
  { 'Links das sofs':
     [ 'https://aps.bvs.br/aps/qual-a-melhor-forma-de-aconselhamento-para-gestantes-de-alto-risco/' ] },
  { 'Links das sofs': [ 'http://pesquisa.bvs.br/aps/related/pt/sof-526' ] },
  { 'Links das sofs': [ 'http://pesquisa.bvs.br/aps/resource/pt/sof-13276' ] },
  { 'Links das sofs': [ 'http://pesquisa.bvs.br/aps/resource/pt/sof-13276' ] },
  { 'Links das sofs':
     [ 'https://aps.bvs.br/aps/pacientes-com-historia-familiar-de-cancer-de-pancreas-necessitam-algum-seguimento-ou-rastreamento/' ] },
  { 'Links das sofs': [ 'http://pesquisa.bvs.br/aps/related/pt/sof-13276' ] },
  { 'Links das sofs': [ 'http://pesquisa.bvs.br/aps/resource/pt/sof-198' ] },
  { 'Links das sofs': [ 'http://pesquisa.bvs.br/aps/resource/pt/sof-198' ] },
  { 'Links das sofs':
     [ 'https://aps.bvs.br/aps/quais-as-evidencias-dos-beneficios-versus-efeitos-adversos-para-o-uso-de-sinvastatina-para-dislipidemia-em-idosos/' ] },
  { 'Links das sofs': [ 'http://pesquisa.bvs.br/aps/related/pt/sof-198' ] },
  { 'Links das sofs': [ 'http://pesquisa.bvs.br/aps/resource/pt/sof-72' ] },
  { 'Links das sofs': [ 'http://pesquisa.bvs.br/aps/resource/pt/sof-72' ] },
  { 'Links das sofs':
     [ 'https://aps.bvs.br/aps/qual-o-tratamento-mais-efetivo-para-ulceras-venosas/' ] },
  { 'Links das sofs': [ 'http://pesquisa.bvs.br/aps/related/pt/sof-72' ] },
  { 'Links das sofs': [ 'http://pesquisa.bvs.br/aps/resource/pt/sof-35451' ] },
  { 'Links das sofs': [ 'http://pesquisa.bvs.br/aps/resource/pt/sof-35451' ] },
  { 'Links das sofs':
     [ 'https://aps.bvs.br/aps/quais-os-criterios-para-iniciar-quimioprofilaxia-em-contactantes-de-pacientes-com-tuberculose-pulmonar-sensivel-em-locais-onde-a-prova-tuberculinica-nao-esta-disponivel/' ] },
  { 'Links das sofs': [ 'http://pesquisa.bvs.br/aps/related/pt/sof-35451' ] },
  { 'Links das sofs': [ 'http://pesquisa.bvs.br/aps/resource/pt/sof-23946' ] },
  { 'Links das sofs': [ 'http://pesquisa.bvs.br/aps/resource/pt/sof-23946' ] },
  { 'Links das sofs':
     [ 'https://aps.bvs.br/aps/quais-sao-os-sinais-e-sintomas-da-influenza-a-h1n1-seus-riscos-e-complicacoes-como-preveni-la/' ] },
  { 'Links das sofs': [ 'http://pesquisa.bvs.br/aps/related/pt/sof-23946' ] },
  { 'Links das sofs': [ 'http://pesquisa.bvs.br/aps/resource/pt/sof-23293' ] },
  { 'Links das sofs': [ 'http://pesquisa.bvs.br/aps/resource/pt/sof-23293' ] },
  { 'Links das sofs':
     [ 'https://aps.bvs.br/aps/como-deve-ser-feito-o-manejo-do-uso-de-corticoide-em-casos-de-febre-chikungunya/' ] },
  { 'Links das sofs': [ 'http://pesquisa.bvs.br/aps/related/pt/sof-23293' ] },
  { 'Links das sofs': [ 'http://pesquisa.bvs.br/aps/resource/pt/sof-21553' ] },
  { 'Links das sofs': [ 'http://pesquisa.bvs.br/aps/resource/pt/sof-21553' ] },
  { 'Links das sofs':
     [ 'https://aps.bvs.br/aps/como-acontece-a-cicatrizacao-de-feridas-e-como-orientar-usuarios-e-equipe-sobre-o-roteiro-de-acompanhamento/' ] },
  { 'Links das sofs': [ 'http://pesquisa.bvs.br/aps/related/pt/sof-21553' ] },
  { 'Links das sofs': [ 'http://pesquisa.bvs.br/aps/resource/pt/sof-5143' ] },
  { 'Links das sofs': [ 'http://pesquisa.bvs.br/aps/resource/pt/sof-5143' ] },
  { 'Links das sofs':
     [ 'https://aps.bvs.br/aps/que-informacoes-a-respeito-dos-meios-de-transmissao-da-tuberculose-sao-importantes/' ] },
  { 'Links das sofs': [ 'http://pesquisa.bvs.br/aps/related/pt/sof-5143' ] },
  { 'Links das sofs': [ 'http://pesquisa.bvs.br/aps/resource/pt/sof-4352' ] },
  { 'Links das sofs': [ 'http://pesquisa.bvs.br/aps/resource/pt/sof-4352' ] },
  { 'Links das sofs':
     [ 'https://aps.bvs.br/aps/quais-as-indicacoes-para-o-uso-de-estatinas/' ] },
  { 'Links das sofs': [ 'http://pesquisa.bvs.br/aps/related/pt/sof-4352' ] },
  { 'Links das sofs': [ 'http://pesquisa.bvs.br/aps/resource/pt/sof-2283' ] },
  { 'Links das sofs': [ 'http://pesquisa.bvs.br/aps/resource/pt/sof-2283' ] },
  { 'Links das sofs':
     [ 'https://aps.bvs.br/aps/quais-as-principais-consequencias-da-obesidade-infantil-que-orientacoes-o-agente-comunitario-de-saude-pode-dar-para-auxiliar-na-prevencao-e-manejo-da-crianca-obesa/' ] },
  { 'Links das sofs': [ 'http://pesquisa.bvs.br/aps/related/pt/sof-2283' ] },
  { 'Links das sofs': [ 'http://pesquisa.bvs.br/aps/resource/pt/sof-2273' ] },
  { 'Links das sofs': [ 'http://pesquisa.bvs.br/aps/resource/pt/sof-2273' ] },
  { 'Links das sofs':
     [ 'https://aps.bvs.br/aps/como-podemos-organizar-o-processo-de-trabalho-em-uma-unidade-de-saude-da-familia/' ] },
  { 'Links das sofs': [ 'http://pesquisa.bvs.br/aps/related/pt/sof-2273' ] },
  { 'Links das sofs': [ 'http://pesquisa.bvs.br/aps/resource/pt/sof-209' ] },
  { 'Links das sofs': [ 'http://pesquisa.bvs.br/aps/resource/pt/sof-209' ] },
  { 'Links das sofs':
     [ 'https://aps.bvs.br/aps/o-que-o-agente-comunitario-de-saude-pode-fazer-para-aumentar-a-adesao-dos-pacientes-a-dieta/' ] },
  { 'Links das sofs': [ 'http://pesquisa.bvs.br/aps/related/pt/sof-209' ] },
  { 'Links das sofs': [ 'http://pesquisa.bvs.br/aps/resource/pt/sof-186' ] },
  { 'Links das sofs': [ 'http://pesquisa.bvs.br/aps/resource/pt/sof-186' ] },
  { 'Links das sofs':
     [ 'https://aps.bvs.br/aps/quais-sao-as-rotinas-basicas-de-enfermagem-que-devemos-implementar-em-uma-unidade-de-saude-coletiva/' ] },
  { 'Links das sofs': [ 'http://pesquisa.bvs.br/aps/related/pt/sof-186' ] },
  { 'Links das sofs': [ 'http://pesquisa.bvs.br/aps/resource/pt/sof-130' ] },
  { 'Links das sofs': [ 'http://pesquisa.bvs.br/aps/resource/pt/sof-130' ] },
  { 'Links das sofs':
     [ 'https://aps.bvs.br/aps/qual-conduta-frente-a-um-paciente-com-estenose-carotidea/' ] },
  { 'Links das sofs': [ 'http://pesquisa.bvs.br/aps/related/pt/sof-130' ] },
  { 'Links das sofs': [ 'http://pesquisa.bvs.br/aps/resource/pt/sof-99' ] },
  { 'Links das sofs': [ 'http://pesquisa.bvs.br/aps/resource/pt/sof-99' ] },
  { 'Links das sofs':
     [ 'https://aps.bvs.br/aps/como-tratar-ulceras-venosas-em-pacientes-com-risco-de-amputacao-de-mmii/' ] },
  { 'Links das sofs': [ 'http://pesquisa.bvs.br/aps/related/pt/sof-99' ] },
  { 'Links das sofs': [ 'http://pesquisa.bvs.br/aps/resource/pt/sof-15451' ] },
  { 'Links das sofs': [ 'http://pesquisa.bvs.br/aps/resource/pt/sof-15451' ] },
  { 'Links das sofs':
     [ 'https://aps.bvs.br/aps/pacientes-com-niveis-elevados-de-colesterol-e-triglicerideos-devem-ser-tratados-com-fibrato-associado-a-estatinas-ou-usar-apenas-o-fibrato-depois-de-quanto-tempo-de-tratamento-repetir-os-exames-para/' ] },
  { 'Links das sofs': [ 'http://pesquisa.bvs.br/aps/related/pt/sof-15451' ] },
  { 'Links das sofs': [ 'http://pesquisa.bvs.br/aps/resource/pt/sof-1232' ] },
  { 'Links das sofs': [ 'http://pesquisa.bvs.br/aps/resource/pt/sof-1232' ] },
  { 'Links das sofs':
     [ 'https://aps.bvs.br/aps/qual-o-melhor-tratamento-para-ulceras-de-membros-inferiores/' ] },
  { 'Links das sofs': [ 'http://pesquisa.bvs.br/aps/related/pt/sof-1232' ] } ]
